DEBUG:root:LING:
DEBUG:root:LING:
DEBUG:root:[SOUND
DEBUG:root:[MUSIC
DEBUG:root:It&#39
DEBUG:root:[ROCK
DEBUG:root:[MUSIC]
DEBUG:root:don&#39
DEBUG:root:don&#39
DEBUG:root:all-American
DEBUG:root:[MUSIC
DEBUG:root:it&#39
DEBUG:root:2
DEBUG:root:you’ve
DEBUG:root:18
DEBUG:root:nation’s
DEBUG:root:world’s
DEBUG:root:1970’s
DEBUG:root:“Globalization”
DEBUG:root:2017
DEBUG:root:20
DEBUG:root:Norway’s
DEBUG:root:1960’s
DEBUG:root:“simulated
DEBUG:root:LING:
DEBUG:root:[SOUND
DEBUG:root:[MUSIC
DEBUG:root:It&#39
DEBUG:root:[ROCK
DEBUG:root:[MUSIC]
DEBUG:root:don&#39
DEBUG:root:don&#39
DEBUG:root:all-American
DEBUG:root:[MUSIC
DEBUG:root:it&#39
DEBUG:root:2
DEBUG:root:you’ve
DEBUG:root:18
DEBUG:root:nation’s
DEBUG:root:world’s
DEBUG:root:1970’s
DEBUG:root:“Globalization”
DEBUG:root:2017
DEBUG:root:20
DEBUG:root:Norway’s
DEBUG:root:1960’s
DEBUG:root:“simulated
DEBUG:root:LING:
DEBUG:root:[SOUND
DEBUG:root:[MUSIC
DEBUG:root:It&#39
DEBUG:root:[ROCK
DEBUG:root:[MUSIC]
DEBUG:root:don&#39
DEBUG:root:don&#39
DEBUG:root:all-American
DEBUG:root:[MUSIC
DEBUG:root:it&#39
DEBUG:root:2
DEBUG:root:you’ve
DEBUG:root:18
DEBUG:root:nation’s
DEBUG:root:world’s
DEBUG:root:1970’s
DEBUG:root:“Globalization”
DEBUG:root:2017
DEBUG:root:20
DEBUG:root:Norway’s
DEBUG:root:1960’s
DEBUG:root:“simulated
DEBUG:root:LING:
DEBUG:root:[SOUND
DEBUG:root:[MUSIC
DEBUG:root:It&#39
DEBUG:root:[ROCK
DEBUG:root:[MUSIC]
DEBUG:root:don&#39
DEBUG:root:don&#39
DEBUG:root:all-American
DEBUG:root:[MUSIC
DEBUG:root:it&#39
DEBUG:root:2
DEBUG:root:you’ve
DEBUG:root:18
DEBUG:root:nation’s
DEBUG:root:world’s
DEBUG:root:1970’s
DEBUG:root:“Globalization”
DEBUG:root:2017
DEBUG:root:20
DEBUG:root:Norway’s
DEBUG:root:1960’s
DEBUG:root:“simulated
DEBUG:root:20th
DEBUG:root:“Le
DEBUG:root:2017
DEBUG:root:world’s
DEBUG:root:20%
DEBUG:root:there’s
DEBUG:root:Trump’s
DEBUG:root:China’s
DEBUG:root:It’s
DEBUG:root:100th
DEBUG:root:2016
DEBUG:root:Self-proclaimed
DEBUG:root:-
DEBUG:root:nation-states
DEBUG:root:2017
DEBUG:root:reason:
DEBUG:root:8th
DEBUG:root:It’s
DEBUG:root:13
DEBUG:root:you’re
DEBUG:root:189
DEBUG:root:world—all
DEBUG:root:2009
DEBUG:root:2000’s
DEBUG:root:“In
DEBUG:root:Putin’s
DEBUG:root:President-elect
DEBUG:root:1994
DEBUG:root:President-elect
DEBUG:root:it’s
DEBUG:root:2016
DEBUG:root:you’re
DEBUG:root:2017
DEBUG:root:all-time
DEBUG:root:“Glamorous”
DEBUG:root:2016
DEBUG:root:President-elect
DEBUG:root:Kwanzaa…
DEBUG:root:2016
DEBUG:root:25
DEBUG:root:2016
DEBUG:root:16
DEBUG:root:hasn’t
DEBUG:root:30
DEBUG:root:Russia’s
DEBUG:root:2016
DEBUG:root:2016
DEBUG:root:2016
DEBUG:root:30
DEBUG:root:president-elect
DEBUG:root:2016
DEBUG:root:2016
DEBUG:root:“the
DEBUG:root:President-elect
DEBUG:root:-
DEBUG:root:It’s
DEBUG:root:2016
DEBUG:root:2016
DEBUG:root:mid-2017
DEBUG:root:2016
DEBUG:root:India’s
DEBUG:root:Castro’s
DEBUG:root:2016
DEBUG:root:2016
DEBUG:root:haven’t
DEBUG:root:1
DEBUG:root:2016
DEBUG:root:1948
DEBUG:root:2013
DEBUG:root:20
DEBUG:root:2016
DEBUG:root:10th
DEBUG:root:469
DEBUG:root:2016
DEBUG:root:1279
DEBUG:root:state’s
DEBUG:root:2016
DEBUG:root:people’s
DEBUG:root:2016
DEBUG:root:That&#39
DEBUG:root:President-elect
DEBUG:root:Japan’s
DEBUG:root:9th
DEBUG:root:“democracy”
DEBUG:root:2012
DEBUG:root:2016
DEBUG:root:“most
DEBUG:root:2016
DEBUG:root:“the
DEBUG:root:We’ve
DEBUG:root:class-action
DEBUG:root:2016
DEBUG:root:2016
DEBUG:root:2016
DEBUG:root:29th
DEBUG:root:2014
DEBUG:root:2016
DEBUG:root:2016
DEBUG:root:1299
DEBUG:root:2016
DEBUG:root:2016
DEBUG:root:they’ve
DEBUG:root:2016
DEBUG:root:2016
DEBUG:root:21
DEBUG:root:16th
DEBUG:root:2016
DEBUG:root:2016
DEBUG:root:2016
DEBUG:root:1961
DEBUG:root:90
DEBUG:root:Germany’s
DEBUG:root:it’s
DEBUG:root:1945
DEBUG:root:It’s
DEBUG:root:2015
DEBUG:root:60
DEBUG:root:what’s
DEBUG:root:2016
DEBUG:root:2016
DEBUG:root:2016
DEBUG:root:Non-Aligned
DEBUG:root:2016
DEBUG:root:2016
DEBUG:root:Three-quarters
DEBUG:root:2016
DEBUG:root:2014
DEBUG:root:26
DEBUG:root:2016
DEBUG:root:2016
DEBUG:root:2016
DEBUG:root:1917
DEBUG:root:you’ve
DEBUG:root:anti-China
DEBUG:root:Church’s
DEBUG:root:1956
DEBUG:root:“one
DEBUG:root:can’t
DEBUG:root:2015
DEBUG:root:9
DEBUG:root:country’s
DEBUG:root:“Hajj”
DEBUG:root:‘Old
DEBUG:root:2011
DEBUG:root:2016
DEBUG:root:pro-western
DEBUG:root:ultra-adventurous
DEBUG:root:2016
DEBUG:root:well-versed
DEBUG:root:Obama’s
DEBUG:root:2016
DEBUG:root:2016
DEBUG:root:2016
DEBUG:root:2016
DEBUG:root:2016
DEBUG:root:2016
DEBUG:root:2016
DEBUG:root:resource-rich
DEBUG:root:2015
DEBUG:root:2016
DEBUG:root:21
DEBUG:root:2016
DEBUG:root:2016
DEBUG:root:2016
DEBUG:root:2016
DEBUG:root:2016
DEBUG:root:world’s
DEBUG:root:2016
DEBUG:root:2016
DEBUG:root:2016
DEBUG:root:2016
DEBUG:root:2016
DEBUG:root:Pakistan’s
DEBUG:root:2016
DEBUG:root:1970’s
DEBUG:root:2016
DEBUG:root:164
DEBUG:root:Jehovah’s
DEBUG:root:10
DEBUG:root:20
DEBUG:root:2016
DEBUG:root:Obama’s
DEBUG:root:We’re
DEBUG:root:5
DEBUG:root:15
DEBUG:root:2016
DEBUG:root:We’re
DEBUG:root:1998
DEBUG:root:2015
DEBUG:root:We’re
DEBUG:root:14th
DEBUG:root:right-leaning
DEBUG:root:disproportionate
DEBUG:root:2016
DEBUG:root:Britain’s
DEBUG:root:2016
DEBUG:root:28
DEBUG:root:they’re
DEBUG:root:2016
DEBUG:root:2016
DEBUG:root:Africa’s
DEBUG:root:UK’s
DEBUG:root:2016
DEBUG:root:23rd
DEBUG:root:2016
DEBUG:root:record-breaking
DEBUG:root:2016
DEBUG:root:10
DEBUG:root:2016
DEBUG:root:1955
DEBUG:root:2016
DEBUG:root:2016
DEBUG:root:2015
DEBUG:root:2006
DEBUG:root:2016
DEBUG:root:2016
DEBUG:root:world’s
DEBUG:root:2015
DEBUG:root:2016
DEBUG:root:20
DEBUG:root:2016
DEBUG:root:12
DEBUG:root:2016
DEBUG:root:2016
DEBUG:root:al-Assad
DEBUG:root:2016
DEBUG:root:world’s
DEBUG:root:2011
DEBUG:root:cut-and-dry
DEBUG:root:11
DEBUG:root:2016
DEBUG:root:they’ve
DEBUG:root:-
DEBUG:root:Alaska’s
DEBUG:root:2015
DEBUG:root:2016
DEBUG:root:Hartsfield–Jackson
DEBUG:root:shouldn’t
DEBUG:root:crowd-control
DEBUG:root:2016
DEBUG:root:9th
DEBUG:root:2018
DEBUG:root:2016
DEBUG:root:‘The
DEBUG:root:1
DEBUG:root:LING:
DEBUG:root:[SOUND
DEBUG:root:[MUSIC
DEBUG:root:It&#39
DEBUG:root:[ROCK
DEBUG:root:[MUSIC]
DEBUG:root:don&#39
DEBUG:root:don&#39
DEBUG:root:all-American
DEBUG:root:[MUSIC
DEBUG:root:it&#39
DEBUG:root:2
DEBUG:root:you’ve
DEBUG:root:18
DEBUG:root:nation’s
DEBUG:root:world’s
DEBUG:root:1970’s
DEBUG:root:“Globalization”
DEBUG:root:2017
DEBUG:root:20
DEBUG:root:Norway’s
DEBUG:root:1960’s
DEBUG:root:“simulated
DEBUG:root:20th
DEBUG:root:“Le
DEBUG:root:2017
DEBUG:root:world’s
DEBUG:root:20%
DEBUG:root:there’s
DEBUG:root:Trump’s
DEBUG:root:China’s
DEBUG:root:It’s
DEBUG:root:100th
DEBUG:root:2016
DEBUG:root:Self-proclaimed
DEBUG:root:-
DEBUG:root:nation-states
DEBUG:root:2017
DEBUG:root:reason:
DEBUG:root:8th
DEBUG:root:It’s
DEBUG:root:13
DEBUG:root:you’re
DEBUG:root:189
DEBUG:root:world—all
DEBUG:root:2009
DEBUG:root:2000’s
DEBUG:root:“In
DEBUG:root:Putin’s
DEBUG:root:President-elect
DEBUG:root:1994
DEBUG:root:President-elect
DEBUG:root:it’s
DEBUG:root:2016
DEBUG:root:you’re
DEBUG:root:2017
DEBUG:root:all-time
DEBUG:root:“Glamorous”
DEBUG:root:2016
DEBUG:root:President-elect
DEBUG:root:Kwanzaa…
DEBUG:root:2016
DEBUG:root:25
DEBUG:root:2016
DEBUG:root:16
DEBUG:root:hasn’t
DEBUG:root:30
DEBUG:root:Russia’s
DEBUG:root:2016
DEBUG:root:2016
DEBUG:root:2016
DEBUG:root:30
DEBUG:root:president-elect
DEBUG:root:2016
DEBUG:root:2016
DEBUG:root:“the
DEBUG:root:President-elect
DEBUG:root:-
DEBUG:root:It’s
DEBUG:root:2016
DEBUG:root:2016
DEBUG:root:mid-2017
DEBUG:root:2016
DEBUG:root:India’s
DEBUG:root:Castro’s
DEBUG:root:2016
DEBUG:root:2016
DEBUG:root:haven’t
DEBUG:root:1
DEBUG:root:2016
DEBUG:root:1948
DEBUG:root:2013
DEBUG:root:20
DEBUG:root:2016
DEBUG:root:10th
DEBUG:root:469
DEBUG:root:2016
DEBUG:root:1279
DEBUG:root:state’s
DEBUG:root:2016
DEBUG:root:people’s
DEBUG:root:2016
DEBUG:root:That&#39
DEBUG:root:President-elect
DEBUG:root:Japan’s
DEBUG:root:9th
DEBUG:root:“democracy”
DEBUG:root:2012
DEBUG:root:2016
DEBUG:root:“most
DEBUG:root:2016
DEBUG:root:“the
DEBUG:root:We’ve
DEBUG:root:class-action
DEBUG:root:2016
DEBUG:root:2016
DEBUG:root:2016
DEBUG:root:29th
DEBUG:root:2014
DEBUG:root:2016
DEBUG:root:2016
DEBUG:root:1299
DEBUG:root:2016
DEBUG:root:2016
DEBUG:root:they’ve
DEBUG:root:2016
DEBUG:root:2016
DEBUG:root:21
DEBUG:root:16th
DEBUG:root:2016
DEBUG:root:2016
DEBUG:root:2016
DEBUG:root:1961
DEBUG:root:90
DEBUG:root:Germany’s
DEBUG:root:it’s
DEBUG:root:1945
DEBUG:root:It’s
DEBUG:root:2015
DEBUG:root:60
DEBUG:root:what’s
DEBUG:root:2016
DEBUG:root:2016
DEBUG:root:2016
DEBUG:root:Non-Aligned
DEBUG:root:2016
DEBUG:root:2016
DEBUG:root:Three-quarters
DEBUG:root:2016
DEBUG:root:2014
DEBUG:root:26
DEBUG:root:2016
DEBUG:root:2016
DEBUG:root:2016
DEBUG:root:1917
DEBUG:root:you’ve
DEBUG:root:anti-China
DEBUG:root:Church’s
DEBUG:root:1956
DEBUG:root:“one
DEBUG:root:can’t
DEBUG:root:2015
DEBUG:root:9
DEBUG:root:country’s
DEBUG:root:“Hajj”
DEBUG:root:‘Old
DEBUG:root:2011
DEBUG:root:2016
DEBUG:root:pro-western
DEBUG:root:ultra-adventurous
DEBUG:root:2016
DEBUG:root:well-versed
DEBUG:root:Obama’s
DEBUG:root:2016
DEBUG:root:2016
DEBUG:root:2016
DEBUG:root:2016
DEBUG:root:2016
DEBUG:root:2016
DEBUG:root:2016
DEBUG:root:resource-rich
DEBUG:root:2015
DEBUG:root:2016
DEBUG:root:21
DEBUG:root:2016
DEBUG:root:2016
DEBUG:root:2016
DEBUG:root:2016
DEBUG:root:2016
DEBUG:root:world’s
DEBUG:root:2016
DEBUG:root:2016
DEBUG:root:2016
DEBUG:root:2016
DEBUG:root:2016
DEBUG:root:Pakistan’s
DEBUG:root:2016
DEBUG:root:1970’s
DEBUG:root:2016
DEBUG:root:164
DEBUG:root:Jehovah’s
DEBUG:root:10
DEBUG:root:20
DEBUG:root:2016
DEBUG:root:Obama’s
DEBUG:root:We’re
DEBUG:root:5
DEBUG:root:15
DEBUG:root:2016
DEBUG:root:We’re
DEBUG:root:1998
DEBUG:root:2015
DEBUG:root:We’re
DEBUG:root:14th
DEBUG:root:right-leaning
DEBUG:root:disproportionate
DEBUG:root:2016
DEBUG:root:Britain’s
DEBUG:root:2016
DEBUG:root:28
DEBUG:root:they’re
DEBUG:root:2016
DEBUG:root:2016
DEBUG:root:Africa’s
DEBUG:root:UK’s
DEBUG:root:2016
DEBUG:root:23rd
DEBUG:root:2016
DEBUG:root:record-breaking
DEBUG:root:2016
DEBUG:root:10
DEBUG:root:2016
DEBUG:root:1955
DEBUG:root:2016
DEBUG:root:2016
DEBUG:root:2015
DEBUG:root:2006
DEBUG:root:2016
DEBUG:root:2016
DEBUG:root:world’s
DEBUG:root:2015
DEBUG:root:2016
DEBUG:root:20
DEBUG:root:2016
DEBUG:root:12
DEBUG:root:2016
DEBUG:root:2016
DEBUG:root:al-Assad
DEBUG:root:2016
DEBUG:root:world’s
DEBUG:root:2011
DEBUG:root:cut-and-dry
DEBUG:root:11
DEBUG:root:2016
DEBUG:root:they’ve
DEBUG:root:-
DEBUG:root:Alaska’s
DEBUG:root:2015
DEBUG:root:2016
DEBUG:root:Hartsfield–Jackson
DEBUG:root:shouldn’t
DEBUG:root:crowd-control
DEBUG:root:2016
DEBUG:root:9th
DEBUG:root:2018
DEBUG:root:2016
DEBUG:root:‘The
DEBUG:root:1
DEBUG:root:LING:
DEBUG:root:[SOUND
DEBUG:root:[MUSIC
DEBUG:root:It&#39
DEBUG:root:[ROCK
DEBUG:root:[MUSIC]
DEBUG:root:don&#39
DEBUG:root:don&#39
DEBUG:root:all-American
DEBUG:root:[MUSIC
DEBUG:root:it&#39
DEBUG:root:2
DEBUG:root:you’ve
DEBUG:root:18
DEBUG:root:nation’s
DEBUG:root:world’s
DEBUG:root:1970’s
DEBUG:root:“Globalization”
DEBUG:root:2017
DEBUG:root:20
DEBUG:root:Norway’s
DEBUG:root:1960’s
DEBUG:root:“simulated
DEBUG:root:20th
DEBUG:root:“Le
DEBUG:root:2017
DEBUG:root:world’s
DEBUG:root:20%
DEBUG:root:there’s
DEBUG:root:Trump’s
DEBUG:root:China’s
DEBUG:root:It’s
DEBUG:root:100th
DEBUG:root:2016
DEBUG:root:Self-proclaimed
DEBUG:root:-
DEBUG:root:nation-states
DEBUG:root:2017
DEBUG:root:reason:
DEBUG:root:8th
DEBUG:root:It’s
DEBUG:root:13
DEBUG:root:you’re
DEBUG:root:189
DEBUG:root:world—all
DEBUG:root:2009
DEBUG:root:2000’s
DEBUG:root:“In
DEBUG:root:Putin’s
DEBUG:root:President-elect
DEBUG:root:1994
DEBUG:root:President-elect
DEBUG:root:it’s
DEBUG:root:2016
DEBUG:root:you’re
DEBUG:root:2017
DEBUG:root:all-time
DEBUG:root:“Glamorous”
DEBUG:root:2016
DEBUG:root:President-elect
DEBUG:root:Kwanzaa…
DEBUG:root:2016
DEBUG:root:25
DEBUG:root:2016
DEBUG:root:16
DEBUG:root:hasn’t
DEBUG:root:30
DEBUG:root:Russia’s
DEBUG:root:2016
DEBUG:root:2016
DEBUG:root:2016
DEBUG:root:30
DEBUG:root:president-elect
DEBUG:root:2016
DEBUG:root:2016
DEBUG:root:“the
DEBUG:root:President-elect
DEBUG:root:-
DEBUG:root:It’s
DEBUG:root:2016
DEBUG:root:2016
DEBUG:root:mid-2017
DEBUG:root:2016
DEBUG:root:India’s
DEBUG:root:Castro’s
DEBUG:root:2016
DEBUG:root:2016
DEBUG:root:haven’t
DEBUG:root:1
DEBUG:root:2016
DEBUG:root:1948
DEBUG:root:2013
DEBUG:root:20
DEBUG:root:2016
DEBUG:root:10th
DEBUG:root:469
DEBUG:root:2016
DEBUG:root:1279
DEBUG:root:state’s
DEBUG:root:2016
DEBUG:root:people’s
DEBUG:root:2016
DEBUG:root:That&#39
DEBUG:root:President-elect
DEBUG:root:Japan’s
DEBUG:root:9th
DEBUG:root:“democracy”
DEBUG:root:2012
DEBUG:root:2016
DEBUG:root:“most
DEBUG:root:2016
DEBUG:root:“the
DEBUG:root:We’ve
DEBUG:root:class-action
DEBUG:root:2016
DEBUG:root:2016
DEBUG:root:2016
DEBUG:root:29th
DEBUG:root:2014
DEBUG:root:2016
DEBUG:root:2016
DEBUG:root:1299
DEBUG:root:2016
DEBUG:root:2016
DEBUG:root:they’ve
DEBUG:root:2016
DEBUG:root:2016
DEBUG:root:21
DEBUG:root:16th
DEBUG:root:2016
DEBUG:root:2016
DEBUG:root:2016
DEBUG:root:1961
DEBUG:root:90
DEBUG:root:Germany’s
DEBUG:root:it’s
DEBUG:root:1945
DEBUG:root:It’s
DEBUG:root:2015
DEBUG:root:60
DEBUG:root:what’s
DEBUG:root:2016
DEBUG:root:2016
DEBUG:root:2016
DEBUG:root:Non-Aligned
DEBUG:root:2016
DEBUG:root:2016
DEBUG:root:Three-quarters
DEBUG:root:2016
DEBUG:root:2014
DEBUG:root:26
DEBUG:root:2016
DEBUG:root:2016
DEBUG:root:2016
DEBUG:root:1917
DEBUG:root:you’ve
DEBUG:root:anti-China
DEBUG:root:Church’s
DEBUG:root:1956
DEBUG:root:“one
DEBUG:root:can’t
DEBUG:root:2015
DEBUG:root:9
DEBUG:root:country’s
DEBUG:root:“Hajj”
DEBUG:root:‘Old
DEBUG:root:2011
DEBUG:root:2016
DEBUG:root:pro-western
DEBUG:root:ultra-adventurous
DEBUG:root:2016
DEBUG:root:well-versed
DEBUG:root:Obama’s
DEBUG:root:2016
DEBUG:root:2016
DEBUG:root:2016
DEBUG:root:2016
DEBUG:root:2016
DEBUG:root:2016
DEBUG:root:2016
DEBUG:root:resource-rich
DEBUG:root:2015
DEBUG:root:2016
DEBUG:root:21
DEBUG:root:2016
DEBUG:root:2016
DEBUG:root:2016
DEBUG:root:2016
DEBUG:root:2016
DEBUG:root:world’s
DEBUG:root:2016
DEBUG:root:2016
DEBUG:root:2016
DEBUG:root:2016
DEBUG:root:2016
DEBUG:root:Pakistan’s
DEBUG:root:2016
DEBUG:root:1970’s
DEBUG:root:2016
DEBUG:root:164
DEBUG:root:Jehovah’s
DEBUG:root:10
DEBUG:root:20
DEBUG:root:2016
DEBUG:root:Obama’s
DEBUG:root:We’re
DEBUG:root:5
DEBUG:root:15
DEBUG:root:2016
DEBUG:root:We’re
DEBUG:root:1998
DEBUG:root:2015
DEBUG:root:We’re
DEBUG:root:14th
DEBUG:root:right-leaning
DEBUG:root:disproportionate
DEBUG:root:2016
DEBUG:root:Britain’s
DEBUG:root:2016
DEBUG:root:28
DEBUG:root:they’re
DEBUG:root:2016
DEBUG:root:2016
DEBUG:root:Africa’s
DEBUG:root:UK’s
DEBUG:root:2016
DEBUG:root:23rd
DEBUG:root:2016
DEBUG:root:record-breaking
DEBUG:root:2016
DEBUG:root:10
DEBUG:root:2016
DEBUG:root:1955
DEBUG:root:2016
DEBUG:root:2016
DEBUG:root:2015
DEBUG:root:2006
DEBUG:root:2016
DEBUG:root:2016
DEBUG:root:world’s
DEBUG:root:2015
DEBUG:root:2016
DEBUG:root:20
DEBUG:root:2016
DEBUG:root:12
DEBUG:root:2016
DEBUG:root:2016
DEBUG:root:al-Assad
DEBUG:root:2016
DEBUG:root:world’s
DEBUG:root:2011
DEBUG:root:cut-and-dry
DEBUG:root:11
DEBUG:root:2016
DEBUG:root:they’ve
DEBUG:root:-
DEBUG:root:Alaska’s
DEBUG:root:2015
DEBUG:root:2016
DEBUG:root:Hartsfield–Jackson
DEBUG:root:shouldn’t
DEBUG:root:crowd-control
DEBUG:root:2016
DEBUG:root:9th
DEBUG:root:2018
DEBUG:root:2016
DEBUG:root:‘The
DEBUG:root:1
DEBUG:root:LING:
DEBUG:root:[SOUND
DEBUG:root:[MUSIC
DEBUG:root:It&#39
DEBUG:root:[ROCK
DEBUG:root:[MUSIC]
DEBUG:root:don&#39
DEBUG:root:don&#39
DEBUG:root:all-American
DEBUG:root:[MUSIC
DEBUG:root:it&#39
DEBUG:root:2
DEBUG:root:you’ve
DEBUG:root:18
DEBUG:root:nation’s
DEBUG:root:world’s
DEBUG:root:1970’s
DEBUG:root:“Globalization”
DEBUG:root:2017
DEBUG:root:20
DEBUG:root:Norway’s
DEBUG:root:1960’s
DEBUG:root:“simulated
DEBUG:root:20th
DEBUG:root:“Le
DEBUG:root:2017
DEBUG:root:world’s
DEBUG:root:20%
DEBUG:root:there’s
DEBUG:root:Trump’s
DEBUG:root:China’s
DEBUG:root:It’s
DEBUG:root:100th
DEBUG:root:2016
DEBUG:root:Self-proclaimed
DEBUG:root:-
DEBUG:root:nation-states
DEBUG:root:2017
DEBUG:root:reason:
DEBUG:root:8th
DEBUG:root:It’s
DEBUG:root:13
DEBUG:root:you’re
DEBUG:root:189
DEBUG:root:world—all
DEBUG:root:2009
DEBUG:root:2000’s
DEBUG:root:“In
DEBUG:root:Putin’s
DEBUG:root:President-elect
DEBUG:root:1994
DEBUG:root:President-elect
DEBUG:root:it’s
DEBUG:root:2016
DEBUG:root:you’re
DEBUG:root:2017
DEBUG:root:all-time
DEBUG:root:“Glamorous”
DEBUG:root:2016
DEBUG:root:President-elect
DEBUG:root:Kwanzaa…
DEBUG:root:2016
DEBUG:root:25
DEBUG:root:2016
DEBUG:root:16
DEBUG:root:hasn’t
DEBUG:root:30
DEBUG:root:Russia’s
DEBUG:root:2016
DEBUG:root:2016
DEBUG:root:2016
DEBUG:root:30
DEBUG:root:president-elect
DEBUG:root:2016
DEBUG:root:2016
DEBUG:root:“the
DEBUG:root:President-elect
DEBUG:root:-
DEBUG:root:It’s
DEBUG:root:2016
DEBUG:root:2016
DEBUG:root:mid-2017
DEBUG:root:2016
DEBUG:root:India’s
DEBUG:root:Castro’s
DEBUG:root:2016
DEBUG:root:2016
DEBUG:root:haven’t
DEBUG:root:1
DEBUG:root:2016
DEBUG:root:1948
DEBUG:root:2013
DEBUG:root:20
DEBUG:root:2016
DEBUG:root:10th
DEBUG:root:469
DEBUG:root:2016
DEBUG:root:1279
DEBUG:root:state’s
DEBUG:root:2016
DEBUG:root:people’s
DEBUG:root:2016
DEBUG:root:That&#39
DEBUG:root:President-elect
DEBUG:root:Japan’s
DEBUG:root:9th
DEBUG:root:“democracy”
DEBUG:root:2012
DEBUG:root:2016
DEBUG:root:“most
DEBUG:root:2016
DEBUG:root:“the
DEBUG:root:We’ve
DEBUG:root:class-action
DEBUG:root:2016
DEBUG:root:2016
DEBUG:root:2016
DEBUG:root:29th
DEBUG:root:2014
DEBUG:root:2016
DEBUG:root:2016
DEBUG:root:1299
DEBUG:root:2016
DEBUG:root:2016
DEBUG:root:they’ve
DEBUG:root:2016
DEBUG:root:2016
DEBUG:root:21
DEBUG:root:16th
DEBUG:root:2016
DEBUG:root:2016
DEBUG:root:2016
DEBUG:root:1961
DEBUG:root:90
DEBUG:root:Germany’s
DEBUG:root:it’s
DEBUG:root:1945
DEBUG:root:It’s
DEBUG:root:2015
DEBUG:root:60
DEBUG:root:what’s
DEBUG:root:2016
DEBUG:root:2016
DEBUG:root:2016
DEBUG:root:Non-Aligned
DEBUG:root:2016
DEBUG:root:2016
DEBUG:root:Three-quarters
DEBUG:root:2016
DEBUG:root:2014
DEBUG:root:26
DEBUG:root:2016
DEBUG:root:2016
DEBUG:root:2016
DEBUG:root:1917
DEBUG:root:you’ve
DEBUG:root:anti-China
DEBUG:root:Church’s
DEBUG:root:1956
DEBUG:root:“one
DEBUG:root:can’t
DEBUG:root:2015
DEBUG:root:9
DEBUG:root:country’s
DEBUG:root:“Hajj”
DEBUG:root:‘Old
DEBUG:root:2011
DEBUG:root:2016
DEBUG:root:pro-western
DEBUG:root:ultra-adventurous
DEBUG:root:2016
DEBUG:root:well-versed
DEBUG:root:Obama’s
DEBUG:root:2016
DEBUG:root:2016
DEBUG:root:2016
DEBUG:root:2016
DEBUG:root:2016
DEBUG:root:2016
DEBUG:root:2016
DEBUG:root:resource-rich
DEBUG:root:2015
DEBUG:root:2016
DEBUG:root:21
DEBUG:root:2016
DEBUG:root:2016
DEBUG:root:2016
DEBUG:root:2016
DEBUG:root:2016
DEBUG:root:world’s
DEBUG:root:2016
DEBUG:root:2016
DEBUG:root:2016
DEBUG:root:2016
DEBUG:root:2016
DEBUG:root:Pakistan’s
DEBUG:root:2016
DEBUG:root:1970’s
DEBUG:root:2016
DEBUG:root:164
DEBUG:root:Jehovah’s
DEBUG:root:10
DEBUG:root:20
DEBUG:root:2016
DEBUG:root:Obama’s
DEBUG:root:We’re
DEBUG:root:5
DEBUG:root:15
DEBUG:root:2016
DEBUG:root:We’re
DEBUG:root:1998
DEBUG:root:2015
DEBUG:root:We’re
DEBUG:root:14th
DEBUG:root:right-leaning
DEBUG:root:disproportionate
DEBUG:root:2016
DEBUG:root:Britain’s
DEBUG:root:2016
DEBUG:root:28
DEBUG:root:they’re
DEBUG:root:2016
DEBUG:root:2016
DEBUG:root:Africa’s
DEBUG:root:UK’s
DEBUG:root:2016
DEBUG:root:23rd
DEBUG:root:2016
DEBUG:root:record-breaking
DEBUG:root:2016
DEBUG:root:10
DEBUG:root:2016
DEBUG:root:1955
DEBUG:root:2016
DEBUG:root:2016
DEBUG:root:2015
DEBUG:root:2006
DEBUG:root:2016
DEBUG:root:2016
DEBUG:root:world’s
DEBUG:root:2015
DEBUG:root:2016
DEBUG:root:20
DEBUG:root:2016
DEBUG:root:12
DEBUG:root:2016
DEBUG:root:2016
DEBUG:root:al-Assad
DEBUG:root:2016
DEBUG:root:world’s
DEBUG:root:2011
DEBUG:root:cut-and-dry
DEBUG:root:11
DEBUG:root:2016
DEBUG:root:they’ve
DEBUG:root:-
DEBUG:root:Alaska’s
DEBUG:root:2015
DEBUG:root:2016
DEBUG:root:Hartsfield–Jackson
DEBUG:root:shouldn’t
DEBUG:root:crowd-control
DEBUG:root:2016
DEBUG:root:9th
DEBUG:root:2018
DEBUG:root:2016
DEBUG:root:‘The
DEBUG:root:1
DEBUG:root:LING:
DEBUG:root:[SOUND
DEBUG:root:[MUSIC
DEBUG:root:It&#39
DEBUG:root:[ROCK
DEBUG:root:[MUSIC]
DEBUG:root:don&#39
DEBUG:root:don&#39
DEBUG:root:all-American
DEBUG:root:[MUSIC
DEBUG:root:it&#39
DEBUG:root:2
DEBUG:root:you’ve
DEBUG:root:18
DEBUG:root:nation’s
DEBUG:root:world’s
DEBUG:root:1970’s
DEBUG:root:“Globalization”
DEBUG:root:2017
DEBUG:root:20
DEBUG:root:Norway’s
DEBUG:root:1960’s
DEBUG:root:“simulated
DEBUG:root:20th
DEBUG:root:“Le
DEBUG:root:2017
DEBUG:root:world’s
DEBUG:root:20%
DEBUG:root:there’s
DEBUG:root:Trump’s
DEBUG:root:China’s
DEBUG:root:It’s
DEBUG:root:100th
DEBUG:root:2016
DEBUG:root:Self-proclaimed
DEBUG:root:-
DEBUG:root:nation-states
DEBUG:root:2017
DEBUG:root:reason:
DEBUG:root:8th
DEBUG:root:It’s
DEBUG:root:13
DEBUG:root:you’re
DEBUG:root:189
DEBUG:root:world—all
DEBUG:root:2009
DEBUG:root:2000’s
DEBUG:root:“In
DEBUG:root:Putin’s
DEBUG:root:President-elect
DEBUG:root:1994
DEBUG:root:President-elect
DEBUG:root:it’s
DEBUG:root:2016
DEBUG:root:you’re
DEBUG:root:2017
DEBUG:root:all-time
DEBUG:root:“Glamorous”
DEBUG:root:2016
DEBUG:root:President-elect
DEBUG:root:Kwanzaa…
DEBUG:root:2016
DEBUG:root:25
DEBUG:root:2016
DEBUG:root:16
DEBUG:root:hasn’t
DEBUG:root:30
DEBUG:root:Russia’s
DEBUG:root:2016
DEBUG:root:2016
DEBUG:root:2016
DEBUG:root:30
DEBUG:root:president-elect
DEBUG:root:2016
DEBUG:root:2016
DEBUG:root:“the
DEBUG:root:President-elect
DEBUG:root:-
DEBUG:root:It’s
DEBUG:root:2016
DEBUG:root:2016
DEBUG:root:mid-2017
DEBUG:root:2016
DEBUG:root:India’s
DEBUG:root:Castro’s
DEBUG:root:2016
DEBUG:root:2016
DEBUG:root:haven’t
DEBUG:root:1
DEBUG:root:2016
DEBUG:root:1948
DEBUG:root:2013
DEBUG:root:20
DEBUG:root:2016
DEBUG:root:10th
DEBUG:root:469
DEBUG:root:2016
DEBUG:root:1279
DEBUG:root:state’s
DEBUG:root:2016
DEBUG:root:people’s
DEBUG:root:2016
DEBUG:root:That&#39
DEBUG:root:President-elect
DEBUG:root:Japan’s
DEBUG:root:9th
DEBUG:root:“democracy”
DEBUG:root:2012
DEBUG:root:2016
DEBUG:root:“most
DEBUG:root:2016
DEBUG:root:“the
DEBUG:root:We’ve
DEBUG:root:class-action
DEBUG:root:2016
DEBUG:root:2016
DEBUG:root:2016
DEBUG:root:29th
DEBUG:root:2014
DEBUG:root:2016
DEBUG:root:2016
DEBUG:root:1299
DEBUG:root:2016
DEBUG:root:2016
DEBUG:root:they’ve
DEBUG:root:2016
DEBUG:root:2016
DEBUG:root:21
DEBUG:root:16th
DEBUG:root:2016
DEBUG:root:LING:
DEBUG:root:[SOUND
DEBUG:root:[MUSIC
DEBUG:root:It&#39
DEBUG:root:[ROCK
DEBUG:root:[MUSIC]
DEBUG:root:don&#39
DEBUG:root:don&#39
DEBUG:root:all-American
DEBUG:root:[MUSIC
DEBUG:root:it&#39
DEBUG:root:2
DEBUG:root:you’ve
DEBUG:root:18
DEBUG:root:nation’s
DEBUG:root:world’s
DEBUG:root:1970’s
DEBUG:root:“Globalization”
DEBUG:root:2017
DEBUG:root:20
DEBUG:root:Norway’s
DEBUG:root:1960’s
DEBUG:root:“simulated
DEBUG:root:20th
DEBUG:root:“Le
DEBUG:root:2017
DEBUG:root:world’s
DEBUG:root:20%
DEBUG:root:there’s
DEBUG:root:Trump’s
DEBUG:root:China’s
DEBUG:root:It’s
DEBUG:root:100th
DEBUG:root:2016
DEBUG:root:Self-proclaimed
DEBUG:root:-
DEBUG:root:nation-states
DEBUG:root:2017
DEBUG:root:reason:
DEBUG:root:8th
DEBUG:root:It’s
DEBUG:root:13
DEBUG:root:you’re
DEBUG:root:189
DEBUG:root:world—all
DEBUG:root:2009
DEBUG:root:2000’s
DEBUG:root:“In
DEBUG:root:Putin’s
DEBUG:root:President-elect
DEBUG:root:1994
DEBUG:root:President-elect
DEBUG:root:it’s
DEBUG:root:2016
DEBUG:root:you’re
DEBUG:root:2017
DEBUG:root:all-time
DEBUG:root:“Glamorous”
DEBUG:root:2016
DEBUG:root:President-elect
DEBUG:root:Kwanzaa…
DEBUG:root:2016
DEBUG:root:25
DEBUG:root:2016
DEBUG:root:16
DEBUG:root:hasn’t
DEBUG:root:30
DEBUG:root:Russia’s
DEBUG:root:2016
DEBUG:root:2016
DEBUG:root:2016
DEBUG:root:30
DEBUG:root:president-elect
DEBUG:root:2016
DEBUG:root:2016
DEBUG:root:“the
DEBUG:root:President-elect
DEBUG:root:-
DEBUG:root:It’s
DEBUG:root:2016
DEBUG:root:2016
DEBUG:root:mid-2017
DEBUG:root:2016
DEBUG:root:India’s
DEBUG:root:Castro’s
DEBUG:root:2016
DEBUG:root:2016
DEBUG:root:haven’t
DEBUG:root:1
DEBUG:root:2016
DEBUG:root:1948
DEBUG:root:2013
DEBUG:root:20
DEBUG:root:2016
DEBUG:root:10th
DEBUG:root:469
DEBUG:root:2016
DEBUG:root:1279
DEBUG:root:state’s
DEBUG:root:2016
DEBUG:root:people’s
DEBUG:root:2016
DEBUG:root:That&#39
DEBUG:root:President-elect
DEBUG:root:Japan’s
DEBUG:root:9th
DEBUG:root:“democracy”
DEBUG:root:2012
DEBUG:root:2016
DEBUG:root:“most
DEBUG:root:2016
DEBUG:root:“the
DEBUG:root:We’ve
DEBUG:root:class-action
DEBUG:root:2016
DEBUG:root:2016
DEBUG:root:2016
DEBUG:root:29th
DEBUG:root:2014
DEBUG:root:2016
DEBUG:root:2016
DEBUG:root:1299
DEBUG:root:2016
DEBUG:root:2016
DEBUG:root:they’ve
DEBUG:root:2016
DEBUG:root:2016
DEBUG:root:21
DEBUG:root:16th
DEBUG:root:2016
DEBUG:root:2016
DEBUG:root:2016
DEBUG:root:1961
DEBUG:root:90
DEBUG:root:Germany’s
DEBUG:root:it’s
DEBUG:root:1945
DEBUG:root:It’s
DEBUG:root:2015
DEBUG:root:60
DEBUG:root:what’s
DEBUG:root:2016
DEBUG:root:2016
DEBUG:root:2016
DEBUG:root:Non-Aligned
DEBUG:root:2016
DEBUG:root:2016
DEBUG:root:Three-quarters
DEBUG:root:2016
DEBUG:root:2014
DEBUG:root:26
DEBUG:root:2016
DEBUG:root:2016
DEBUG:root:2016
DEBUG:root:1917
DEBUG:root:you’ve
DEBUG:root:anti-China
DEBUG:root:Church’s
DEBUG:root:1956
DEBUG:root:“one
DEBUG:root:can’t
DEBUG:root:2015
DEBUG:root:9
DEBUG:root:country’s
DEBUG:root:“Hajj”
DEBUG:root:‘Old
DEBUG:root:2011
DEBUG:root:2016
DEBUG:root:pro-western
DEBUG:root:ultra-adventurous
DEBUG:root:2016
DEBUG:root:well-versed
DEBUG:root:Obama’s
DEBUG:root:2016
DEBUG:root:2016
DEBUG:root:2016
DEBUG:root:2016
DEBUG:root:2016
DEBUG:root:2016
DEBUG:root:2016
DEBUG:root:resource-rich
DEBUG:root:2015
DEBUG:root:2016
DEBUG:root:21
DEBUG:root:2016
DEBUG:root:2016
DEBUG:root:2016
DEBUG:root:2016
DEBUG:root:2016
DEBUG:root:world’s
DEBUG:root:2016
DEBUG:root:2016
DEBUG:root:2016
DEBUG:root:2016
DEBUG:root:2016
DEBUG:root:Pakistan’s
DEBUG:root:2016
DEBUG:root:1970’s
DEBUG:root:2016
DEBUG:root:164
DEBUG:root:Jehovah’s
DEBUG:root:10
DEBUG:root:20
DEBUG:root:2016
DEBUG:root:Obama’s
DEBUG:root:We’re
DEBUG:root:5
DEBUG:root:15
DEBUG:root:2016
DEBUG:root:We’re
DEBUG:root:1998
DEBUG:root:2015
DEBUG:root:We’re
DEBUG:root:14th
DEBUG:root:right-leaning
DEBUG:root:disproportionate
DEBUG:root:2016
DEBUG:root:Britain’s
DEBUG:root:2016
DEBUG:root:28
DEBUG:root:they’re
DEBUG:root:2016
DEBUG:root:2016
DEBUG:root:Africa’s
DEBUG:root:UK’s
DEBUG:root:2016
DEBUG:root:23rd
DEBUG:root:2016
DEBUG:root:record-breaking
DEBUG:root:2016
DEBUG:root:10
DEBUG:root:2016
DEBUG:root:1955
DEBUG:root:2016
DEBUG:root:2016
DEBUG:root:2015
DEBUG:root:2006
DEBUG:root:2016
DEBUG:root:2016
DEBUG:root:world’s
DEBUG:root:2015
DEBUG:root:2016
DEBUG:root:20
DEBUG:root:2016
DEBUG:root:12
DEBUG:root:2016
DEBUG:root:2016
DEBUG:root:al-Assad
DEBUG:root:2016
DEBUG:root:world’s
DEBUG:root:2011
DEBUG:root:cut-and-dry
DEBUG:root:11
DEBUG:root:2016
DEBUG:root:they’ve
DEBUG:root:-
DEBUG:root:Alaska’s
DEBUG:root:2015
DEBUG:root:2016
DEBUG:root:Hartsfield–Jackson
DEBUG:root:shouldn’t
DEBUG:root:crowd-control
DEBUG:root:2016
DEBUG:root:9th
DEBUG:root:2018
DEBUG:root:2016
DEBUG:root:‘The
DEBUG:root:1
DEBUG:root:Obama’s
DEBUG:root:2016
DEBUG:root:2016
DEBUG:root:d&#39
DEBUG:root:50%
DEBUG:root:Street’s
DEBUG:root:2050
DEBUG:root:can’t
DEBUG:root:2016
DEBUG:root:2016
DEBUG:root:2016
DEBUG:root:2016
DEBUG:root:so-called
DEBUG:root:Israel-Palestine
DEBUG:root:Asia-Pacific
DEBUG:root:MI6
DEBUG:root:2016
DEBUG:root:1950s
DEBUG:root:2014
DEBUG:root:2015
DEBUG:root:They’re
DEBUG:root:2016
DEBUG:root:2016
DEBUG:root:13th
DEBUG:root:2016
DEBUG:root:2016
DEBUG:root:2016
DEBUG:root:2016
DEBUG:root:2016
DEBUG:root:2016
DEBUG:root:2016
DEBUG:root:2016
DEBUG:root:2016
DEBUG:root:“Panama
DEBUG:root:2016
DEBUG:root:Russia’s
DEBUG:root:2015
DEBUG:root:$40
DEBUG:root:China’s
DEBUG:root:2015
DEBUG:root:world’s
DEBUG:root:20th
DEBUG:root:we’ve
DEBUG:root:2016
DEBUG:root:100
DEBUG:root:22
DEBUG:root:2016
DEBUG:root:2016
DEBUG:root:2016
DEBUG:root:2015
DEBUG:root:2016
DEBUG:root:2016
DEBUG:root:1980s
DEBUG:root:2016
DEBUG:root:2016
DEBUG:root:2016
DEBUG:root:2016
DEBUG:root:Europe’s
DEBUG:root:2016
DEBUG:root:2016
DEBUG:root:1970
DEBUG:root:2016
DEBUG:root:2008
DEBUG:root:2016
DEBUG:root:Uganda’s
DEBUG:root:2016
DEBUG:root:2016
DEBUG:root:2016
DEBUG:root:2016
DEBUG:root:2016
DEBUG:root:2016
DEBUG:root:2016
DEBUG:root:2016
DEBUG:root:newspapers”
DEBUG:root:2016
DEBUG:root:2016
DEBUG:root:2016
DEBUG:root:US’s
DEBUG:root:2015
DEBUG:root:2016
DEBUG:root:2016
DEBUG:root:2016
DEBUG:root:“Every
DEBUG:root:2016
DEBUG:root:2015
DEBUG:root:13th
DEBUG:root:2016
DEBUG:root:2016
DEBUG:root:It’s
DEBUG:root:2016
DEBUG:root:2016
DEBUG:root:2016
DEBUG:root:2016
DEBUG:root:2016
DEBUG:root:2015
DEBUG:root:2016
DEBUG:root:2016
DEBUG:root:2017
DEBUG:root:2015
DEBUG:root:2016
DEBUG:root:2016
DEBUG:root:2016
DEBUG:root:2016
DEBUG:root:2015
DEBUG:root:$100
DEBUG:root:that’s
DEBUG:root:world’s
DEBUG:root:2016
DEBUG:root:2015
DEBUG:root:other’s
DEBUG:root:1st
DEBUG:root:“Komitet
DEBUG:root:Israel-Palestine
DEBUG:root:1700s
DEBUG:root:2015
DEBUG:root:Poland’s
DEBUG:root:2015
DEBUG:root:self-declared
DEBUG:root:2015
DEBUG:root:2016
DEBUG:root:2015
DEBUG:root:2015
DEBUG:root:2015
DEBUG:root:you’re
DEBUG:root:2015
DEBUG:root:1st
DEBUG:root:1930s
DEBUG:root:2016
DEBUG:root:2015
DEBUG:root:Korea’s
DEBUG:root:2016
DEBUG:root:12
DEBUG:root:2015
DEBUG:root:10th
DEBUG:root:2016
DEBUG:root:2nd
DEBUG:root:2nd
DEBUG:root:2016
DEBUG:root:7th
DEBUG:root:2015
DEBUG:root:2015
DEBUG:root:2015
DEBUG:root:3rd
DEBUG:root:2015
DEBUG:root:21st
DEBUG:root:2015
DEBUG:root:55
DEBUG:root:non-violent
DEBUG:root:2013
DEBUG:root:2011
DEBUG:root:2012
DEBUG:root:parts:
DEBUG:root:2015
DEBUG:root:2015
DEBUG:root:2015
DEBUG:root:O&#39
DEBUG:root:2015
DEBUG:root:27-year
DEBUG:root:‘pagan’
DEBUG:root:19th
DEBUG:root:2015
DEBUG:root:Union’s
DEBUG:root:“responsible
DEBUG:root:99%
DEBUG:root:world’s
DEBUG:root:Bush’s
DEBUG:root:Russia’s
DEBUG:root:2015
DEBUG:root:2014
DEBUG:root:government’s
DEBUG:root:China’s
DEBUG:root:“climate
DEBUG:root:“jus
DEBUG:root:355
DEBUG:root:2015
DEBUG:root:al-Qaeda
DEBUG:root:State’s
DEBUG:root:2015
DEBUG:root:35
DEBUG:root:2015
DEBUG:root:2015
DEBUG:root:2015
DEBUG:root:State’s
DEBUG:root:2015
DEBUG:root:2009
DEBUG:root:2015
DEBUG:root:2015
DEBUG:root:1492
DEBUG:root:Australia’s
DEBUG:root:2014
DEBUG:root:don’t
DEBUG:root:26th
DEBUG:root:2015
DEBUG:root:2015
DEBUG:root:16th
DEBUG:root:30
DEBUG:root:2012
DEBUG:root:2015
DEBUG:root:socialism-based
DEBUG:root:pro-slavery
DEBUG:root:15
DEBUG:root:year’s
DEBUG:root:Q&amp
DEBUG:root:31st
DEBUG:root:we’re
DEBUG:root:240
DEBUG:root:7th
DEBUG:root:9th
DEBUG:root:Korea’s
DEBUG:root:50
DEBUG:root:twenty-five
DEBUG:root:2015
DEBUG:root:2015
DEBUG:root:we’ve
DEBUG:root:who’s
DEBUG:root:2015
DEBUG:root:29th
DEBUG:root:35
DEBUG:root:2015
DEBUG:root:you’re
DEBUG:root:S:
DEBUG:root:world’s
DEBUG:root:2015
DEBUG:root:it’s
DEBUG:root:2014
DEBUG:root:2015
DEBUG:root:2015
DEBUG:root:2015
DEBUG:root:2015
DEBUG:root:2015
DEBUG:root:decades-old
DEBUG:root:2015
DEBUG:root:2015
DEBUG:root:22nd
DEBUG:root:2015
DEBUG:root:Facebook’s
DEBUG:root:180
DEBUG:root:2015
DEBUG:root:2015
DEBUG:root:Switzerland’s
DEBUG:root:2015
DEBUG:root:2015
DEBUG:root:2015
DEBUG:root:2012
DEBUG:root:China’s
DEBUG:root:2015
DEBUG:root:2015
DEBUG:root:world’s
DEBUG:root:2015
DEBUG:root:2015
DEBUG:root:2014
DEBUG:root:1st
DEBUG:root:1st
DEBUG:root:Obama’s
DEBUG:root:2016
DEBUG:root:2015
DEBUG:root:1989
DEBUG:root:2015
DEBUG:root:2015
DEBUG:root:2015
DEBUG:root:spectrum:
DEBUG:root:2015
DEBUG:root:2010
DEBUG:root:2015
DEBUG:root:2015
DEBUG:root:2015
DEBUG:root:2015
DEBUG:root:14th
DEBUG:root:7th
DEBUG:root:country’s
DEBUG:root:2015
DEBUG:root:2015
DEBUG:root:aren’t
DEBUG:root:2015
DEBUG:root:2015
DEBUG:root:it’s
DEBUG:root:2015
DEBUG:root:2015
DEBUG:root:they’ve
DEBUG:root:“Death
DEBUG:root:25
DEBUG:root:9th
DEBUG:root:2015
DEBUG:root:2016
DEBUG:root:2007
DEBUG:root:2015
DEBUG:root:5
DEBUG:root:2015
DEBUG:root:100
DEBUG:root:2012
DEBUG:root:2015
DEBUG:root:11th
DEBUG:root:2015
DEBUG:root:-
DEBUG:root:2015
DEBUG:root:2015
DEBUG:root:misunderstanding
DEBUG:root:2015
DEBUG:root:It’s
DEBUG:root:2015
DEBUG:root:11th
DEBUG:root:82
DEBUG:root:2015
DEBUG:root:Brown’s
DEBUG:root:2015
DEBUG:root:49
DEBUG:root:2014
DEBUG:root:500
DEBUG:root:2015
DEBUG:root:2014
DEBUG:root:2015
DEBUG:root:air-polluted
DEBUG:root:2005
DEBUG:root:2015
DEBUG:root:300
DEBUG:root:America’s
DEBUG:root:Zedong’s
DEBUG:root:2015
DEBUG:root:2000s
DEBUG:root:2015
DEBUG:root:2014
DEBUG:root:2010
DEBUG:root:2015
DEBUG:root:“Lame
DEBUG:root:2015
DEBUG:root:2011
DEBUG:root:it’s
DEBUG:root:1911
DEBUG:root:2014
DEBUG:root:2015
DEBUG:root:2015
DEBUG:root:2015
DEBUG:root:2015
DEBUG:root:2015
DEBUG:root:Russia’s
DEBUG:root:2015
DEBUG:root:Russia’s
DEBUG:root:2015
DEBUG:root:1945
DEBUG:root:86%
DEBUG:root:2015
DEBUG:root:2015
DEBUG:root:2015
DEBUG:root:“technical
DEBUG:root:2015
DEBUG:root:2015
DEBUG:root:2015
DEBUG:root:2015
DEBUG:root:2015
DEBUG:root:2
DEBUG:root:2015
DEBUG:root:2015
DEBUG:root:25
DEBUG:root:2015
DEBUG:root:8th
DEBUG:root:can’t
DEBUG:root:2015
DEBUG:root:Russia’s
DEBUG:root:2015
DEBUG:root:CAR’s
DEBUG:root:doesn’t
DEBUG:root:2
DEBUG:root:2015
DEBUG:root:2015
DEBUG:root:2014
DEBUG:root:2015
DEBUG:root:we’ve
DEBUG:root:2009
DEBUG:root:2015
DEBUG:root:2014
DEBUG:root:15
DEBUG:root:1
DEBUG:root:2015
DEBUG:root:2015
DEBUG:root:Al-Qaeda
DEBUG:root:Japan’s
DEBUG:root:US’s
DEBUG:root:2015
DEBUG:root:2015
DEBUG:root:President’s
DEBUG:root:2015
DEBUG:root:2015
DEBUG:root:30th
DEBUG:root:categories:
DEBUG:root:28th
DEBUG:root:world’s
DEBUG:root:Taser-like
DEBUG:root:2014
DEBUG:root:it&#39
DEBUG:root:world’s
DEBUG:root:2015
DEBUG:root:2015
DEBUG:root:1960
DEBUG:root:2015
DEBUG:root:4th
DEBUG:root:2015
DEBUG:root:80%
DEBUG:root:2014
DEBUG:root:Jersey’s
DEBUG:root:1925
DEBUG:root:22
DEBUG:root:1993
DEBUG:root:often-politically-hostile
DEBUG:root:19th
DEBUG:root:what’s
DEBUG:root:20th
DEBUG:root:2001
DEBUG:root:2008
DEBUG:root:2015
DEBUG:root:1957
DEBUG:root:21
DEBUG:root:2015
DEBUG:root:US’s
DEBUG:root:70
DEBUG:root:Russia’s
DEBUG:root:2015
DEBUG:root:2015
DEBUG:root:2016
DEBUG:root:Al-Bashir
DEBUG:root:world’s
DEBUG:root:know…
DEBUG:root:2015
DEBUG:root:$150
DEBUG:root:2015
DEBUG:root:month-long
DEBUG:root:1990s
DEBUG:root:2015
DEBUG:root:2015
DEBUG:root:2015
DEBUG:root:2015
DEBUG:root:100
DEBUG:root:2015
DEBUG:root:2016
DEBUG:root:2015
DEBUG:root:They’ve
DEBUG:root:2015
DEBUG:root:2015
DEBUG:root:1
DEBUG:root:world’s
DEBUG:root:Australia’s
DEBUG:root:2015
DEBUG:root:We’re
DEBUG:root:7
DEBUG:root:Assad’s
DEBUG:root:There’s
DEBUG:root:2015
DEBUG:root:Nepal’s
DEBUG:root:70
DEBUG:root:2015
DEBUG:root:NSA’s
DEBUG:root:you’ve
DEBUG:root:re-elected
DEBUG:root:1986
DEBUG:root:isn’t
DEBUG:root:4th
DEBUG:root:ex-Senator
DEBUG:root:110
DEBUG:root:Capitalism’s
DEBUG:root:14th
DEBUG:root:-
DEBUG:root:2015
DEBUG:root:they’re
DEBUG:root:-
DEBUG:root:2015
DEBUG:root:Israel’s
DEBUG:root:3
DEBUG:root:banjo-playing
DEBUG:root:19th
DEBUG:root:2015
DEBUG:root:20th
DEBUG:root:mayor-turned-assemblyman-turned-senator-turned-governor
DEBUG:root:States’
DEBUG:root:world’s
DEBUG:root:16
DEBUG:root:1968
DEBUG:root:US’s
DEBUG:root:sheep’s
DEBUG:root:It’s
DEBUG:root:1945
DEBUG:root:17th
DEBUG:root:Hispanic-Canadian
DEBUG:root:2015
DEBUG:root:2015
DEBUG:root:2015
DEBUG:root:100
DEBUG:root:interconnectedness
DEBUG:root:2015
DEBUG:root:2014
DEBUG:root:400
DEBUG:root:2015
DEBUG:root:2015
DEBUG:root:9/11
DEBUG:root:hyper-successful
DEBUG:root:25
DEBUG:root:2015
DEBUG:root:2015
DEBUG:root:2016
DEBUG:root:US’s
DEBUG:root:7th
DEBUG:root:best-selling
DEBUG:root:2014
DEBUG:root:world’s
DEBUG:root:2015
DEBUG:root:time:
DEBUG:root:it’s
DEBUG:root:Arkansas:
DEBUG:root:2015
DEBUG:root:26th
DEBUG:root:“dangerousness”
DEBUG:root:2015
DEBUG:root:3
DEBUG:root:1974
DEBUG:root:single-handedly
DEBUG:root:1780
DEBUG:root:29th
DEBUG:root:don’t
DEBUG:root:“ill-prepared”
DEBUG:root:Brazil’s
DEBUG:root:1
DEBUG:root:1994
DEBUG:root:1949
DEBUG:root:2015
DEBUG:root:Al-Qaeda
DEBUG:root:28
DEBUG:root:2015
DEBUG:root:25th
DEBUG:root:2015
DEBUG:root:“guerrilla
DEBUG:root:2012
DEBUG:root:2015
DEBUG:root:don’t
DEBUG:root:war-torn
DEBUG:root:2015
DEBUG:root:2015
DEBUG:root:2015
DEBUG:root:20
DEBUG:root:that’s
DEBUG:root:US’s
DEBUG:root:2015
DEBUG:root:anti-communist
DEBUG:root:20
DEBUG:root:Here’s
DEBUG:root:7
DEBUG:root:144
DEBUG:root:60%
DEBUG:root:2015
DEBUG:root:wasn’t
DEBUG:root:12th
DEBUG:root:[EM-er-it]
DEBUG:root:51
DEBUG:root:2050
DEBUG:root:16
DEBUG:root:Clinton’s
DEBUG:root:-
DEBUG:root:2050
DEBUG:root:Here’s
DEBUG:root:2015
DEBUG:root:2012
DEBUG:root:40
DEBUG:root:Don’t
DEBUG:root:3
DEBUG:root:Africa’s
DEBUG:root:go-ahead
DEBUG:root:300
DEBUG:root:‘70s
DEBUG:root:98%
DEBUG:root:2015
DEBUG:root:2015
DEBUG:root:There’s
DEBUG:root:Iran’s
DEBUG:root:2015
DEBUG:root:UN’s
DEBUG:root:1
DEBUG:root:“tense
DEBUG:root:we’re
DEBUG:root:it’s
DEBUG:root:microwave-meal
DEBUG:root:that’s
DEBUG:root:19
DEBUG:root:Well-known
DEBUG:root:“fast
DEBUG:root:Rio’s
DEBUG:root:2000
DEBUG:root:life-long
DEBUG:root:2015
DEBUG:root:2015
DEBUG:root:they’ve
DEBUG:root:2012
DEBUG:root:2016
DEBUG:root:It’s
DEBUG:root:Women’s
DEBUG:root:2015
DEBUG:root:you…
DEBUG:root:“Monster”
DEBUG:root:That’s
DEBUG:root:1971
DEBUG:root:States’
DEBUG:root:drought-stricken
DEBUG:root:2014
DEBUG:root:78%
DEBUG:root:That’s
DEBUG:root:125
DEBUG:root:world’s
DEBUG:root:1965
DEBUG:root:wrong…
DEBUG:root:2015
DEBUG:root:em’
DEBUG:root:Pakistan’s
DEBUG:root:Missouri’s
DEBUG:root:“zero
DEBUG:root:fighters:
DEBUG:root:175
DEBUG:root:2015
DEBUG:root:50%
DEBUG:root:9th
DEBUG:root:Google’s
DEBUG:root:11th
DEBUG:root:low-cost
DEBUG:root:They’ve
DEBUG:root:Iran’s
DEBUG:root:2001
DEBUG:root:you’ve
DEBUG:root:“You
DEBUG:root:2
DEBUG:root:Hitler’s
DEBUG:root:ex-president
DEBUG:root:25th
DEBUG:root:2015
DEBUG:root:Netanyahu’s
DEBUG:root:anti-Putin
DEBUG:root:“It’s
DEBUG:root:world’s
DEBUG:root:8
DEBUG:root:“2014
DEBUG:root:February’s
DEBUG:root:250
DEBUG:root:You’ve
DEBUG:root:37th
DEBUG:root:Manning’s
DEBUG:root:2013
DEBUG:root:world’s
DEBUG:root:States’
DEBUG:root:2014
DEBUG:root:decriminalization
DEBUG:root:2015
DEBUG:root:Canada’s
DEBUG:root:Here’s
DEBUG:root:world’s
DEBUG:root:35­
DEBUG:root:quasi-democratic
DEBUG:root:1999
DEBUG:root:continent’s
DEBUG:root:1697
DEBUG:root:1975
DEBUG:root:500
DEBUG:root:1960s
DEBUG:root:what’s
DEBUG:root:State’s
DEBUG:root:2016
DEBUG:root:Korea’s
DEBUG:root:2014
DEBUG:root:5th
DEBUG:root:“precision
DEBUG:root:world’s
DEBUG:root:366
DEBUG:root:1954
DEBUG:root:18th
DEBUG:root:don’t
DEBUG:root:2016
DEBUG:root:2013
DEBUG:root:1962
DEBUG:root:8th
DEBUG:root:pipeline’s
DEBUG:root:2006
DEBUG:root:pro-Russian
DEBUG:root:Jordan’s
DEBUG:root:You’ve
DEBUG:root:2014
DEBUG:root:Israeli-Lebanese
DEBUG:root:2015
DEBUG:root:--
DEBUG:root:2015
DEBUG:root:Greece’s
DEBUG:root:90
DEBUG:root:16
DEBUG:root:2014
DEBUG:root:“How
DEBUG:root:women&#39
DEBUG:root:2013
DEBUG:root:2000
DEBUG:root:“terrorism”
DEBUG:root:2
DEBUG:root:“vacuum”
DEBUG:root:US1
DEBUG:root:can’t
DEBUG:root:Republican-controlled
DEBUG:root:83
DEBUG:root:it’s
DEBUG:root:is:
DEBUG:root:“coup
DEBUG:root:2014
DEBUG:root:–
DEBUG:root:2014
DEBUG:root:don’t
DEBUG:root:Senegal’s
DEBUG:root:Neo-Nazism
DEBUG:root:we’re
DEBUG:root:75%
DEBUG:root:20
DEBUG:root:2012
DEBUG:root:It’s
DEBUG:root:1966
DEBUG:root:2013
DEBUG:root:151
DEBUG:root:1942
DEBUG:root:anti-discrimination
DEBUG:root:Chechnya&#39
DEBUG:root:CIA’s
DEBUG:root:30%
DEBUG:root:President’s
DEBUG:root:2014
DEBUG:root:70
DEBUG:root:2
DEBUG:root:25
DEBUG:root:1949
DEBUG:root:“pernicious”
DEBUG:root:would’ve
DEBUG:root:Korea’s
DEBUG:root:2002
DEBUG:root:world’s
DEBUG:root:two-state
DEBUG:root:28
DEBUG:root:al-Maqdis
DEBUG:root:log-in
DEBUG:root:30
DEBUG:root:pro-Russian
DEBUG:root:It’s
DEBUG:root:663
DEBUG:root:1997
DEBUG:root:87
DEBUG:root:that’s
DEBUG:root:22
DEBUG:root:4th
DEBUG:root:spotlight:
DEBUG:root:90%
DEBUG:root:question:
DEBUG:root:Oregon’s
DEBUG:root:world&#39
DEBUG:root:off-duty
DEBUG:root:2011
DEBUG:root:28
DEBUG:root:3
DEBUG:root:We’re
DEBUG:root:doesn’t
DEBUG:root:--
DEBUG:root:plans…
DEBUG:root:500
DEBUG:root:they’re
DEBUG:root:50
DEBUG:root:tax-exempt
DEBUG:root:1
DEBUG:root:18th
DEBUG:root:-
DEBUG:root:they’re
DEBUG:root:8
DEBUG:root:71%
DEBUG:root:23
DEBUG:root:“Jobs
DEBUG:root:who’ve
DEBUG:root:question:
DEBUG:root:it’s
DEBUG:root:China’s
DEBUG:root:“impotent
DEBUG:root:594
DEBUG:root:they’ve
DEBUG:root:1977
DEBUG:root:2011
DEBUG:root:100
DEBUG:root:Pakistan’s
DEBUG:root:journalists’
DEBUG:root:can’t
DEBUG:root:67%
DEBUG:root:on-duty
DEBUG:root:-
DEBUG:root:al-Maliki
DEBUG:root:2013
DEBUG:root:-
DEBUG:root:500
DEBUG:root:8
DEBUG:root:It’s
DEBUG:root:they’re
DEBUG:root:it’s
DEBUG:root:court’s
DEBUG:root:That’s
DEBUG:root:they’re
DEBUG:root:670
DEBUG:root:ISP’s
DEBUG:root:pop-up
DEBUG:root:cease-fire
DEBUG:root:“condemns
DEBUG:root:Pro-Russian
DEBUG:root:9/11
DEBUG:root:Vatican&#39
DEBUG:root:anti-HIV
DEBUG:root:17
DEBUG:root:aren&#39
DEBUG:root:NSA&#39
DEBUG:root:hasn&#39
DEBUG:root:Ride-sharing
DEBUG:root:doesn&#39
DEBUG:root:11%
DEBUG:root:they&#39
DEBUG:root:It&#39
DEBUG:root:3
DEBUG:root:Women&#39
DEBUG:root:it&#39
DEBUG:root:it&#39
DEBUG:root:300
DEBUG:root:2012
DEBUG:root:I&#39
DEBUG:root:post-9/11
DEBUG:root:I&#39
DEBUG:root:1950&#39
DEBUG:root:world&#39
DEBUG:root:1
DEBUG:root:you&#39
DEBUG:root:1
DEBUG:root:&quot
DEBUG:root:weren&#39
DEBUG:root:500
