DEBUG:root:we'll
DEBUG:root:Let's
DEBUG:root:it's
DEBUG:root:can't
DEBUG:root:1
DEBUG:root:we're
DEBUG:root:1014
DEBUG:root:there's
DEBUG:root:self-destruct
DEBUG:root:humanity's
DEBUG:root:1980's
DEBUG:root:super-weapon
DEBUG:root:it's
DEBUG:root:50
DEBUG:root:–
DEBUG:root:it's
DEBUG:root:It's
DEBUG:root:superweapon—antibiotics
DEBUG:root:40
DEBUG:root:that's
DEBUG:root:IT'S
DEBUG:root:Let's
DEBUG:root:don't
DEBUG:root:1960's
DEBUG:root:they'd
DEBUG:root:It's
DEBUG:root:can't
DEBUG:root:2015
DEBUG:root:BEN'S
DEBUG:root:5%
DEBUG:root:you'd
DEBUG:root:TOM'S
DEBUG:root:$265
DEBUG:root:10
DEBUG:root:90
DEBUG:root:2013
DEBUG:root:world's
DEBUG:root:let's
DEBUG:root:30
DEBUG:root:let's
DEBUG:root:500
DEBUG:root:It's
DEBUG:root:stuff—or
DEBUG:root:LET'S
DEBUG:root:Let's
DEBUG:root:don't
DEBUG:root:They're
DEBUG:root:1/3
DEBUG:root:LET'S
DEBUG:root:let's
DEBUG:root:haven't
DEBUG:root:LET'S
DEBUG:root:you're
DEBUG:root:14
DEBUG:root:isn't
DEBUG:root:isn't
DEBUG:root:It's
DEBUG:root:shoudn't
DEBUG:root:20th
DEBUG:root:1998
DEBUG:root:(60
DEBUG:root:so-called
DEBUG:root:LET'S
DEBUG:root:–
DEBUG:root:LET'S
DEBUG:root:Let's
DEBUG:root:IT'S
DEBUG:root:GINGER'S
DEBUG:root:20
DEBUG:root:-
DEBUG:root:T5
DEBUG:root:don't
DEBUG:root:you're
DEBUG:root:device's
DEBUG:root:There's
DEBUG:root:-
DEBUG:root:doesn't
DEBUG:root:Let's
DEBUG:root:couldn't
DEBUG:root:isn't
DEBUG:root:Real-world
DEBUG:root:that's
DEBUG:root:aircraft's
DEBUG:root:1962
DEBUG:root:it's
DEBUG:root:I'm
DEBUG:root:I've
DEBUG:root:in-ear
DEBUG:root:we're
DEBUG:root:Can't
DEBUG:root:O/S
DEBUG:root:I'm
DEBUG:root:multi-touch
DEBUG:root:I'm
DEBUG:root:That's
DEBUG:root:it's
DEBUG:root:I'm
DEBUG:root:5
DEBUG:root:ya'll
DEBUG:root:I've
DEBUG:root:I'm
DEBUG:root:10x10
DEBUG:root:I've
DEBUG:root:1
DEBUG:root:2
DEBUG:root:3D
DEBUG:root:I'm
DEBUG:root:2
DEBUG:root:I'm
DEBUG:root:I'm
DEBUG:root:3D
DEBUG:root:Apple's
DEBUG:root:2
DEBUG:root:It's
DEBUG:root:285
DEBUG:root:It's
DEBUG:root:don't
DEBUG:root:®
DEBUG:root:I'm
DEBUG:root:56
DEBUG:root:Trade-in
DEBUG:root:didn't
DEBUG:root:9
DEBUG:root:exhibit—
DEBUG:root:isn't
DEBUG:root:you'll
DEBUG:root:We're
DEBUG:root:G5–D5
DEBUG:root:I'm
DEBUG:root:high-caliber
DEBUG:root:13
DEBUG:root:in-game
DEBUG:root:It's
DEBUG:root:it's
DEBUG:root:1
DEBUG:root:same-tier
DEBUG:root:we'll
DEBUG:root:we'll
DEBUG:root:kintush4010
DEBUG:root:I'm
DEBUG:root:I'm
DEBUG:root:Pre-Production
DEBUG:root:9
DEBUG:root:it's
DEBUG:root:don't
DEBUG:root:we'll
DEBUG:root:2017
DEBUG:root:I'm
DEBUG:root:31
DEBUG:root:I'm
DEBUG:root:Błyskawica—
DEBUG:root:I'm
DEBUG:root:captured—
DEBUG:root:4
DEBUG:root:She's
DEBUG:root:I'm
DEBUG:root:K9
DEBUG:root:s'il
DEBUG:root:I'm
DEBUG:root:isn't
DEBUG:root:I'm
DEBUG:root:1945
DEBUG:root:we'll
DEBUG:root:3-5
DEBUG:root:It's
DEBUG:root:I'm
DEBUG:root:didn't
DEBUG:root:9
DEBUG:root:I'll
DEBUG:root:252U
DEBUG:root:9
DEBUG:root:IS-3A
DEBUG:root:3
DEBUG:root:you've
DEBUG:root:10
DEBUG:root:it's
DEBUG:root:11
DEBUG:root:I'm
DEBUG:root:I'll
DEBUG:root:I'm
DEBUG:root:9
DEBUG:root:monument—three
DEBUG:root:-
DEBUG:root:131
DEBUG:root:It's
DEBUG:root:I'm
DEBUG:root:1
DEBUG:root:They've
DEBUG:root:131
DEBUG:root:2017
DEBUG:root:head-to-head
DEBUG:root:We're
DEBUG:root:20th
DEBUG:root:Akizuki—the
DEBUG:root:I'm
DEBUG:root:2016
DEBUG:root:1941
DEBUG:root:high-alloy
DEBUG:root:didn't
DEBUG:root:5
DEBUG:root:2016
DEBUG:root:47
DEBUG:root:2017
DEBUG:root:They're
DEBUG:root:I'm
DEBUG:root:I've
DEBUG:root:-
DEBUG:root:I'm
DEBUG:root:1930s
DEBUG:root:We've
DEBUG:root:23rd
DEBUG:root:Let's
DEBUG:root:I'm
DEBUG:root:9
DEBUG:root:I'm
DEBUG:root:O-47
DEBUG:root:I'm
DEBUG:root:well-fitted
DEBUG:root:I'm
DEBUG:root:It's
DEBUG:root:I'm
DEBUG:root:—
DEBUG:root:103
DEBUG:root:I'm
DEBUG:root:you've
DEBUG:root:40s
DEBUG:root:country's
DEBUG:root:0
DEBUG:root:today's
DEBUG:root:I'm
DEBUG:root:I'm
DEBUG:root:I'm
DEBUG:root:It's
DEBUG:root:I'm
DEBUG:root:20th
DEBUG:root:KV-1
DEBUG:root:It's
DEBUG:root:IS-6
DEBUG:root:Aurora—
DEBUG:root:haven't
DEBUG:root:I'm
DEBUG:root:We've
DEBUG:root:I'm
DEBUG:root:I'm
DEBUG:root:I'm
DEBUG:root:we'll
DEBUG:root:I'm
DEBUG:root:there's
DEBUG:root:I'm
DEBUG:root:I'm
DEBUG:root:I'm
DEBUG:root:-
DEBUG:root:I'm
DEBUG:root:9
DEBUG:root:I'm
DEBUG:root:I'm
DEBUG:root:19
DEBUG:root:—
DEBUG:root:that's
DEBUG:root:I'm
DEBUG:root:M4
DEBUG:root:10
DEBUG:root:cool-headed
DEBUG:root:we'll
DEBUG:root:Let's
DEBUG:root:it's
DEBUG:root:11
DEBUG:root:I'm
DEBUG:root:I'll
DEBUG:root:I'm
DEBUG:root:9
DEBUG:root:monument—three
DEBUG:root:-
DEBUG:root:131
DEBUG:root:It's
DEBUG:root:I'm
DEBUG:root:1
DEBUG:root:They've
DEBUG:root:131
DEBUG:root:2017
DEBUG:root:head-to-head
DEBUG:root:We're
DEBUG:root:20th
DEBUG:root:Akizuki—the
DEBUG:root:I'm
DEBUG:root:2016
DEBUG:root:it's
DEBUG:root:1941
DEBUG:root:can't
DEBUG:root:high-alloy
DEBUG:root:1
DEBUG:root:didn't
DEBUG:root:we're
DEBUG:root:1014
DEBUG:root:there's
DEBUG:root:self-destruct
DEBUG:root:5
DEBUG:root:2016
ty's
DEBUG:root:1980's
DEBUG:root:47
DEBUG:root:2017
DEBUG:root:They're
DEBUG:root:super-weapon
DEBUG:root:it's
DEBUG:root:I'm
DEBUG:root:I've
DEBUG:root:-
DEBUG:root:I'm
DEBUG:root:1930s
DEBUG:root:We've
DEBUG:root:23rd
DEBUG:root:50
DEBUG:root:Let's
DEBUG:root:I'm
DEBUG:root:–
DEBUG:root:it's
DEBUG:root:It's
DEBUG:root:9
DEBUG:root:I'm
DEBUG:root:O-47
DEBUG:root:I'm
DEBUG:root:well-fitted
DEBUG:root:I'm
DEBUG:root:It's
DEBUG:root:I'm
DEBUG:root:—
DEBUG:root:superweapon—antibiotics
DEBUG:root:103
DEBUG:root:40
DEBUG:root:I'm
DEBUG:root:that's
DEBUG:root:you've
DEBUG:root:40s
DEBUG:root:country's
DEBUG:root:0
DEBUG:root:IT'S
DEBUG:root:today's
DEBUG:root:I'm
DEBUG:root:I'm
DEBUG:root:I'm
DEBUG:root:It's
DEBUG:root:I'm
DEBUG:root:20th
DEBUG:root:Let's
DEBUG:root:KV-1
DEBUG:root:don't
DEBUG:root:It's
DEBUG:root:1960's
DEBUG:root:IS-6
DEBUG:root:they'd
DEBUG:root:Aurora—
DEBUG:root:It's
DEBUG:root:haven't
DEBUG:root:I'm
DEBUG:root:We've
DEBUG:root:I'm
DEBUG:root:I'm
DEBUG:root:I'm
DEBUG:root:we'll
DEBUG:root:I'm
DEBUG:root:can't
DEBUG:root:there's
DEBUG:root:2015
DEBUG:root:I'm
DEBUG:root:BEN'S
DEBUG:root:5%
DEBUG:root:I'm
DEBUG:root:I'm
DEBUG:root:you'd
DEBUG:root:TOM'S
DEBUG:root:-
DEBUG:root:I'm
DEBUG:root:9
DEBUG:root:I'm
DEBUG:root:I'm
DEBUG:root:19
DEBUG:root:$265
DEBUG:root:10
DEBUG:root:—
DEBUG:root:90
DEBUG:root:that's
DEBUG:root:2013
DEBUG:root:I'm
DEBUG:root:M4
DEBUG:root:world's
DEBUG:root:10
DEBUG:root:cool-headed
DEBUG:root:let's
DEBUG:root:30
DEBUG:root:Kolobanov's
DEBUG:root:let's
DEBUG:root:don't
DEBUG:root:500
DEBUG:root:PQ17
DEBUG:root:We're
DEBUG:root:How's
DEBUG:root:it's
DEBUG:root:It's
DEBUG:root:stuff—or
DEBUG:root:S-P-E-L-L
DEBUG:root:157
DEBUG:root:LET'S
DEBUG:root:Dread-not
DEBUG:root:I'm
DEBUG:root:Let's
DEBUG:root:don't
DEBUG:root:who's
DEBUG:root:They're
DEBUG:root:1/3
DEBUG:root:LET'S
DEBUG:root:couldn't
DEBUG:root:let's
DEBUG:root:You've
DEBUG:root:you've
DEBUG:root:haven't
DEBUG:root:|
DEBUG:root:you've
DEBUG:root:2016
DEBUG:root:LET'S
DEBUG:root:you've
DEBUG:root:you're
DEBUG:root:14
DEBUG:root:It's
DEBUG:root:I'm
DEBUG:root:isn't
DEBUG:root:isn't
DEBUG:root:27
DEBUG:root:It's
DEBUG:root:It's
DEBUG:root:doesn't
DEBUG:root:shoudn't
DEBUG:root:MGT-20
DEBUG:root:7
DEBUG:root:20th
DEBUG:root:long-awaited
DEBUG:root:I'm
DEBUG:root:1998
DEBUG:root:(IWM)
DEBUG:root:I'm
DEBUG:root:(60
DEBUG:root:so-called
DEBUG:root:LET'S
DEBUG:root:–
DEBUG:root:LET'S
DEBUG:root:dawn's
DEBUG:root:it's
DEBUG:root:#10
DEBUG:root:Let's
DEBUG:root:Don't
DEBUG:root:I'm
DEBUG:root:we'll
DEBUG:root:you'll
DEBUG:root:I'm
DEBUG:root:Let's
DEBUG:root:13
DEBUG:root:IT'S
DEBUG:root:GINGER'S
DEBUG:root:20
DEBUG:root:-
DEBUG:root:T5
DEBUG:root:I'll
DEBUG:root:It's
DEBUG:root:don't
DEBUG:root:you're
DEBUG:root:Today's
DEBUG:root:device's
DEBUG:root:There's
DEBUG:root:-
DEBUG:root:doesn't
DEBUG:root:Let's
DEBUG:root:couldn't
DEBUG:root:HTML5
DEBUG:root:isn't
DEBUG:root:I'm
DEBUG:root:Real-world
DEBUG:root:team's
DEBUG:root:I'm
DEBUG:root:that's
DEBUG:root:aircraft's
DEBUG:root:1962
DEBUG:root:world—a
DEBUG:root:I'm
DEBUG:root:1943
DEBUG:root:it's
DEBUG:root:I'm
DEBUG:root:I've
DEBUG:root:in-ear
DEBUG:root:we're
DEBUG:root:doesn't
DEBUG:root:Can't
DEBUG:root:O/S
DEBUG:root:I'm
DEBUG:root:multi-touch
DEBUG:root:I'm
DEBUG:root:That's
DEBUG:root:it's
DEBUG:root:I'm
DEBUG:root:5
DEBUG:root:ya'll
DEBUG:root:I've
DEBUG:root:com/chrome/signingin
DEBUG:root:I'm
DEBUG:root:Let's
DEBUG:root:I'm
DEBUG:root:you've
DEBUG:root:I'm
DEBUG:root:e-mail
DEBUG:root:10x10
DEBUG:root:9
DEBUG:root:that's
DEBUG:root:I've
DEBUG:root:1
DEBUG:root:>>
DEBUG:root:we're
DEBUG:root:Chrome-lite
DEBUG:root:2
DEBUG:root:3D
DEBUG:root:I'm
DEBUG:root:2
DEBUG:root:I'm
DEBUG:root:I'm
DEBUG:root:3D
DEBUG:root:Apple's
DEBUG:root:2
DEBUG:root:It's
DEBUG:root:I'm
DEBUG:root:285
DEBUG:root:It's
DEBUG:root:don't
DEBUG:root:®
DEBUG:root:I'm
DEBUG:root:multi-processor
DEBUG:root:56
DEBUG:root:Trade-in
DEBUG:root:didn't
DEBUG:root:9
DEBUG:root:150
DEBUG:root:exhibit—
DEBUG:root:friend's
DEBUG:root:I'm
DEBUG:root:isn't
DEBUG:root:you'll
DEBUG:root:We're
DEBUG:root:G5–D5
DEBUG:root:I'm
DEBUG:root:15
DEBUG:root:high-caliber
DEBUG:root:>>
DEBUG:root:13
DEBUG:root:in-game
DEBUG:root:we'll
DEBUG:root:It's
DEBUG:root:it's
DEBUG:root:1
DEBUG:root:same-tier
DEBUG:root:there's
DEBUG:root:we'll
DEBUG:root:1937
DEBUG:root:It's
DEBUG:root:1
DEBUG:root:we'll
DEBUG:root:that's
DEBUG:root:I'm
DEBUG:root:(
DEBUG:root:it's
DEBUG:root:I'm
DEBUG:root:kintush4010
DEBUG:root:I'm
DEBUG:root:I'm
DEBUG:root:Pre-Production
DEBUG:root:9
DEBUG:root:superstructures—
DEBUG:root:it's
DEBUG:root:-
DEBUG:root:don't
DEBUG:root:we'll
DEBUG:root:2017
DEBUG:root:I'm
DEBUG:root:doesn't
DEBUG:root:31
DEBUG:root:I'm
DEBUG:root:2003
DEBUG:root:100
DEBUG:root:Błyskawica—
DEBUG:root:I'm
DEBUG:root:I'm
DEBUG:root:250
DEBUG:root:&
DEBUG:root:captured—
DEBUG:root:4
DEBUG:root:it's
DEBUG:root:#9
DEBUG:root:That's
DEBUG:root:opponent's
DEBUG:root:She's
DEBUG:root:I'm
DEBUG:root:K9
DEBUG:root:s'il
DEBUG:root:I'm
DEBUG:root:isn't
DEBUG:root:I'm
DEBUG:root:1945
DEBUG:root:we'll
DEBUG:root:3-5
DEBUG:root:It's
DEBUG:root:I'm
DEBUG:root:didn't
DEBUG:root:9
DEBUG:root:I'll
DEBUG:root:252U
DEBUG:root:9
DEBUG:root:IS-3A
DEBUG:root:3
DEBUG:root:PC's
DEBUG:root:I'm
DEBUG:root:I'm
DEBUG:root:you've
DEBUG:root:10
DEBUG:root:We're
DEBUG:root:50
DEBUG:root:I'm
DEBUG:root:100
DEBUG:root:2003
DEBUG:root:n'
DEBUG:root:20th
DEBUG:root:I'm
DEBUG:root:I'm
DEBUG:root:I'm
DEBUG:root:9
DEBUG:root:we'll
DEBUG:root:2
DEBUG:root:#6
DEBUG:root:2015
DEBUG:root:-
DEBUG:root:2015
DEBUG:root:I'm
DEBUG:root:50
DEBUG:root:Jason's
DEBUG:root:1st
DEBUG:root:Cleveland-class
DEBUG:root:Jersey—the
DEBUG:root:Rolls-Royce
DEBUG:root:you're
DEBUG:root:2
DEBUG:root:it's
DEBUG:root:2015
DEBUG:root:2015
DEBUG:root:4
DEBUG:root:It's
DEBUG:root:whale—only
DEBUG:root:I'm
DEBUG:root:—a
DEBUG:root:/
DEBUG:root:WARRIOR'S
DEBUG:root:I'd
DEBUG:root:Everyone's
DEBUG:root:7
DEBUG:root:you're
DEBUG:root:today's
DEBUG:root:it's
DEBUG:root:10
DEBUG:root:9
DEBUG:root:-ARS
DEBUG:root:don't
DEBUG:root:first-hand
DEBUG:root:С1–С3
DEBUG:root:I'm
DEBUG:root:let's
DEBUG:root:18
DEBUG:root:nation's
DEBUG:root:2
DEBUG:root:I'm
DEBUG:root:I'm
DEBUG:root:3
DEBUG:root:like-minded
DEBUG:root:more—
DEBUG:root:I'd
DEBUG:root:I'm
DEBUG:root:1930s
DEBUG:root:1916
DEBUG:root:–
DEBUG:root:-
DEBUG:root:26
DEBUG:root:I'm
DEBUG:root:I'm
DEBUG:root:I'm
DEBUG:root:I'm
DEBUG:root:I'll
DEBUG:root:I'm
DEBUG:root:we'll
DEBUG:root:Can't
DEBUG:root:O/S
DEBUG:root:I'm
DEBUG:root:multi-touch
DEBUG:root:Let's
DEBUG:root:I'm
DEBUG:root:That's
DEBUG:root:it's
DEBUG:root:I'm
DEBUG:root:5
DEBUG:root:ya'll
DEBUG:root:I've
DEBUG:root:it's
DEBUG:root:I'm
DEBUG:root:11
DEBUG:root:I'm
DEBUG:root:I'll
DEBUG:root:I'm
DEBUG:root:9
DEBUG:root:monument—three
DEBUG:root:-
DEBUG:root:10x10
DEBUG:root:131
DEBUG:root:I've
DEBUG:root:It's
DEBUG:root:I'm
DEBUG:root:1
DEBUG:root:1
DEBUG:root:They've
DEBUG:root:2
DEBUG:root:it's
DEBUG:root:131
DEBUG:root:3D
DEBUG:root:can't
DEBUG:root:2017
DEBUG:root:I'm
DEBUG:root:head-to-head
DEBUG:root:We're
DEBUG:root:2
DEBUG:root:1
DEBUG:root:I'm
DEBUG:root:20th
DEBUG:root:Akizuki—the
DEBUG:root:I'm
DEBUG:root:Kolobanov's
DEBUG:root:2016
DEBUG:root:I'm
DEBUG:root:3D
DEBUG:root:Apple's
DEBUG:root:we're
DEBUG:root:1941
DEBUG:root:1014
DEBUG:root:2
DEBUG:root:It's
DEBUG:root:high-alloy
DEBUG:root:don't
DEBUG:root:PQ17
DEBUG:root:285
DEBUG:root:We're
DEBUG:root:It's
DEBUG:root:How's
DEBUG:root:it's
DEBUG:root:there's
DEBUG:root:didn't
DEBUG:root:don't
DEBUG:root:self-destruct
DEBUG:root:®
DEBUG:root:I'm
DEBUG:root:S-P-E-L-L
DEBUG:root:56
DEBUG:root:157
DEBUG:root:humanity's
DEBUG:root:Dread-not
DEBUG:root:I'm
DEBUG:root:1980's
DEBUG:root:Trade-in
DEBUG:root:didn't
DEBUG:root:9
DEBUG:root:who's
DEBUG:root:exhibit—
DEBUG:root:super-weapon
DEBUG:root:5
DEBUG:root:2016
DEBUG:root:it's
DEBUG:root:47
DEBUG:root:isn't
DEBUG:root:2017
DEBUG:root:couldn't
DEBUG:root:you'll
DEBUG:root:You've
DEBUG:root:We're
DEBUG:root:you've
DEBUG:root:They're
DEBUG:root:|
DEBUG:root:you've
DEBUG:root:2016
DEBUG:root:you've
DEBUG:root:It's
DEBUG:root:I'm
DEBUG:root:50
DEBUG:root:I'm
DEBUG:root:I've
DEBUG:root:-
DEBUG:root:I'm
DEBUG:root:1930s
DEBUG:root:27
DEBUG:root:It's
DEBUG:root:doesn't
DEBUG:root:We've
DEBUG:root:G5–D5
DEBUG:root:I'm
DEBUG:root:23rd
DEBUG:root:high-caliber
DEBUG:root:–
DEBUG:root:13
DEBUG:root:in-game
DEBUG:root:Let's
DEBUG:root:I'm
DEBUG:root:It's
DEBUG:root:it's
DEBUG:root:It's
DEBUG:root:MGT-20
DEBUG:root:7
DEBUG:root:long-awaited
DEBUG:root:I'm
DEBUG:root:(IWM)
DEBUG:root:I'm
DEBUG:root:9
DEBUG:root:I'm
DEBUG:root:it's
DEBUG:root:1
DEBUG:root:same-tier
DEBUG:root:we'll
DEBUG:root:O-47
DEBUG:root:we'll
DEBUG:root:I'm
DEBUG:root:well-fitted
DEBUG:root:I'm
DEBUG:root:It's
DEBUG:root:I'm
DEBUG:root:superweapon—antibiotics
DEBUG:root:dawn's
DEBUG:root:40
DEBUG:root:it's
DEBUG:root:#10
DEBUG:root:—
DEBUG:root:103
DEBUG:root:kintush4010
DEBUG:root:that's
DEBUG:root:I'm
DEBUG:root:I'm
DEBUG:root:I'm
DEBUG:root:Let's
DEBUG:root:Pre-Production
DEBUG:root:Don't
DEBUG:root:9
DEBUG:root:I'm
DEBUG:root:we'll
DEBUG:root:you've
DEBUG:root:IT'S
DEBUG:root:40s
DEBUG:root:country's
DEBUG:root:0
DEBUG:root:it's
DEBUG:root:Let's
DEBUG:root:today's
DEBUG:root:I'm
DEBUG:root:don't
DEBUG:root:don't
DEBUG:root:I'm
DEBUG:root:we'll
DEBUG:root:I'm
DEBUG:root:It's
DEBUG:root:2017
DEBUG:root:I'm
DEBUG:root:I'm
DEBUG:root:20th
DEBUG:root:KV-1
DEBUG:root:you'll
DEBUG:root:31
DEBUG:root:I'm
DEBUG:root:1960's
DEBUG:root:I'm
DEBUG:root:It's
DEBUG:root:they'd
DEBUG:root:It's
DEBUG:root:IS-6
DEBUG:root:13
DEBUG:root:Aurora—
DEBUG:root:Błyskawica—
DEBUG:root:haven't
DEBUG:root:I'm
DEBUG:root:I'm
DEBUG:root:We've
DEBUG:root:can't
DEBUG:root:I'm
DEBUG:root:2015
DEBUG:root:I'm
DEBUG:root:BEN'S
DEBUG:root:5%
DEBUG:root:I'm
DEBUG:root:captured—
DEBUG:root:we'll
DEBUG:root:4
DEBUG:root:I'm
DEBUG:root:I'll
DEBUG:root:It's
DEBUG:root:there's
DEBUG:root:I'm
DEBUG:root:you'd
DEBUG:root:I'm
DEBUG:root:TOM'S
DEBUG:root:I'm
DEBUG:root:-
DEBUG:root:Today's
DEBUG:root:I'm
DEBUG:root:She's
DEBUG:root:9
DEBUG:root:I'm
DEBUG:root:K9
DEBUG:root:I'm
DEBUG:root:s'il
DEBUG:root:I'm
DEBUG:root:I'm
DEBUG:root:19
DEBUG:root:isn't
DEBUG:root:I'm
DEBUG:root:1945
DEBUG:root:$265
DEBUG:root:10
DEBUG:root:we'll
DEBUG:root:HTML5
DEBUG:root:I'm
DEBUG:root:3-5
DEBUG:root:90
DEBUG:root:team's
DEBUG:root:It's
DEBUG:root:I'm
DEBUG:root:—
DEBUG:root:I'm
DEBUG:root:2013
DEBUG:root:didn't
DEBUG:root:9
DEBUG:root:I'll
DEBUG:root:that's
DEBUG:root:I'm
DEBUG:root:world's
DEBUG:root:252U
DEBUG:root:M4
DEBUG:root:let's
DEBUG:root:9
DEBUG:root:10
DEBUG:root:world—a
DEBUG:root:30
DEBUG:root:IS-3A
DEBUG:root:cool-headed
DEBUG:root:I'm
DEBUG:root:1943
DEBUG:root:250
DEBUG:root:3
DEBUG:root:&
DEBUG:root:doesn't
DEBUG:root:it's
DEBUG:root:#9
DEBUG:root:you've
DEBUG:root:That's
DEBUG:root:10
DEBUG:root:It's
DEBUG:root:opponent's
DEBUG:root:let's
DEBUG:root:500
DEBUG:root:Chrome's
DEBUG:root:com/chrome/signingin
DEBUG:root:Let's
DEBUG:root:2
DEBUG:root:I'm
DEBUG:root:you've
DEBUG:root:I'm
DEBUG:root:e-mail
DEBUG:root:9
DEBUG:root:It's
DEBUG:root:that's
DEBUG:root:stuff—or
DEBUG:root:>>
DEBUG:root:I'm
DEBUG:root:we're
DEBUG:root:There's
DEBUG:root:I'm
DEBUG:root:LET'S
DEBUG:root:Chrome-lite
DEBUG:root:I'm
DEBUG:root:I'm
DEBUG:root:Let's
DEBUG:root:PC's
DEBUG:root:I'm
DEBUG:root:I'm
DEBUG:root:|
DEBUG:root:don't
DEBUG:root:They're
DEBUG:root:We're
DEBUG:root:I'm
DEBUG:root:1/3
DEBUG:root:you're
DEBUG:root:multi-processor
DEBUG:root:100
DEBUG:root:WG_Lumberjack
DEBUG:root:LET'S
DEBUG:root:I'm
DEBUG:root:2003
DEBUG:root:I'm
DEBUG:root:150
DEBUG:root:friend's
DEBUG:root:I'm
DEBUG:root:let's
DEBUG:root:we're
DEBUG:root:I'm
DEBUG:root:haven't
DEBUG:root:I'm
DEBUG:root:we're
DEBUG:root:I'm
DEBUG:root:LET'S
DEBUG:root:50
DEBUG:root:Jason's
DEBUG:root:you're
DEBUG:root:14
DEBUG:root:Cleveland-class
DEBUG:root:I'd
DEBUG:root:15
DEBUG:root:>>
DEBUG:root:we'll
DEBUG:root:isn't
DEBUG:root:you're
DEBUG:root:isn't
DEBUG:root:4
DEBUG:root:It's
DEBUG:root:It's
DEBUG:root:—a
DEBUG:root:there's
DEBUG:root:shoudn't
DEBUG:root:19th
DEBUG:root:1937
DEBUG:root:It's
DEBUG:root:I'm
DEBUG:root:1
DEBUG:root:I'm
DEBUG:root:that's
DEBUG:root:Navy´s
DEBUG:root:20th
DEBUG:root:I'm
DEBUG:root:(
DEBUG:root:it's
DEBUG:root:I'm
DEBUG:root:you're
DEBUG:root:today's
DEBUG:root:superstructures—
DEBUG:root:-
DEBUG:root:doesn't
DEBUG:root:1943
DEBUG:root:1998
DEBUG:root:2003
DEBUG:root:I'm
DEBUG:root:100
DEBUG:root:It's
DEBUG:root:9
DEBUG:root:I'm
DEBUG:root:I'm
DEBUG:root:50
DEBUG:root:It's
DEBUG:root:I'm
DEBUG:root:(60
DEBUG:root:n'
DEBUG:root:20th
DEBUG:root:I'm
DEBUG:root:I'm
DEBUG:root:С1–С3
DEBUG:root:I'm
DEBUG:root:I'm
DEBUG:root:so-called
DEBUG:root:9
DEBUG:root:we'll
DEBUG:root:LET'S
DEBUG:root:let's
DEBUG:root:–
DEBUG:root:2
DEBUG:root:#6
DEBUG:root:I'm
DEBUG:root:2015
DEBUG:root:-
DEBUG:root:2015
DEBUG:root:LET'S
DEBUG:root:I'm
DEBUG:root:100
DEBUG:root:3
DEBUG:root:1920s
DEBUG:root:I'm
DEBUG:root:1st
DEBUG:root:more—
DEBUG:root:I'd
DEBUG:root:I'm
DEBUG:root:FV215b
DEBUG:root:1930s
DEBUG:root:Jersey—the
DEBUG:root:it's
DEBUG:root:Rolls-Royce
DEBUG:root:I'm
DEBUG:root:1916
DEBUG:root:2
DEBUG:root:it's
DEBUG:root:–
DEBUG:root:2015
DEBUG:root:2015
DEBUG:root:12
DEBUG:root:>>
DEBUG:root:-
DEBUG:root:I'm
DEBUG:root:I'm
DEBUG:root:whale—only
DEBUG:root:I'm
DEBUG:root:I'm
DEBUG:root:/
DEBUG:root:WARRIOR'S
DEBUG:root:I'm
DEBUG:root:I'd
DEBUG:root:Everyone's
DEBUG:root:I'll
DEBUG:root:360
DEBUG:root:>>
DEBUG:root:We've
DEBUG:root:>>
DEBUG:root:>>
DEBUG:root:7
DEBUG:root:I'm
DEBUG:root:it's
DEBUG:root:tie-in
DEBUG:root:Let's
DEBUG:root:10
DEBUG:root:9
DEBUG:root:That's
DEBUG:root:-ARS
DEBUG:root:don't
DEBUG:root:IT'S
DEBUG:root:GINGER'S
DEBUG:root:it's
DEBUG:root:20
DEBUG:root:1930s
DEBUG:root:-
DEBUG:root:I'm
DEBUG:root:I'm
DEBUG:root:first-hand
DEBUG:root:T5
DEBUG:root:Australia's
DEBUG:root:18
DEBUG:root:nation's
DEBUG:root:2
DEBUG:root:I'm
DEBUG:root:I've
DEBUG:root:like-minded
DEBUG:root:I'm
DEBUG:root:don't
DEBUG:root:I/O
DEBUG:root:you're
DEBUG:root:I'm
DEBUG:root:I'm
DEBUG:root:>>
DEBUG:root:it's
DEBUG:root:I'm
DEBUG:root:device's
DEBUG:root:There's
DEBUG:root:-
DEBUG:root:doesn't
DEBUG:root:26
DEBUG:root:Let's
DEBUG:root:There's
DEBUG:root:couldn't
DEBUG:root:you'd
DEBUG:root:isn't
DEBUG:root:Real-world
DEBUG:root:(just
DEBUG:root:I'm
DEBUG:root:2
DEBUG:root:that's
DEBUG:root:aircraft's
DEBUG:root:1962
DEBUG:root:2016
DEBUG:root:it's
DEBUG:root:5
DEBUG:root:what's
DEBUG:root:It's
DEBUG:root:I'm
DEBUG:root:I've
DEBUG:root:in-ear
DEBUG:root:we're
DEBUG:root:I'd
DEBUG:root:T-22
DEBUG:root:9
DEBUG:root:T-54/T-55
DEBUG:root:M47
DEBUG:root:M5
DEBUG:root:2
DEBUG:root:Essex-class
DEBUG:root:don't
DEBUG:root:2
DEBUG:root:150
DEBUG:root:I'm
DEBUG:root:I'm
DEBUG:root:built-in
DEBUG:root:T-55A
DEBUG:root:I'll
DEBUG:root:20th
DEBUG:root:name's
DEBUG:root:1945
DEBUG:root:Let's
DEBUG:root:on-the-fly
DEBUG:root:I'm
DEBUG:root:long-range
DEBUG:root:–
DEBUG:root:ten-year
DEBUG:root:Jimmy's
DEBUG:root:Chrome's
DEBUG:root:it's
DEBUG:root:#4
DEBUG:root:turn-based
DEBUG:root:1
DEBUG:root:9
DEBUG:root:T26E4
DEBUG:root:can't
DEBUG:root:we'll
DEBUG:root:2
DEBUG:root:3D
DEBUG:root:I'm
DEBUG:root:It's
DEBUG:root:It's
DEBUG:root:#
DEBUG:root:they're
DEBUG:root:1930s
DEBUG:root:1940
DEBUG:root:I'm
DEBUG:root:you're
DEBUG:root:It's
DEBUG:root:don't
DEBUG:root:we're
DEBUG:root:#
DEBUG:root:tournament's
DEBUG:root:heavy-weight
DEBUG:root:it's
DEBUG:root:we'll
DEBUG:root:it's
DEBUG:root:you've
DEBUG:root:M4A1
DEBUG:root:1902
DEBUG:root:I'm
DEBUG:root:2
DEBUG:root:Hard-hitting
DEBUG:root:2016
DEBUG:root:you're
DEBUG:root:I'm
DEBUG:root:we'll
DEBUG:root:I'm
DEBUG:root:we'll
DEBUG:root:ship's
DEBUG:root:HARDEST-HITTING
DEBUG:root:T34
DEBUG:root:There's
DEBUG:root:It's
DEBUG:root:you've
DEBUG:root:we're
DEBUG:root:2
DEBUG:root:T-34
DEBUG:root:I'm
DEBUG:root:3rd
DEBUG:root:100
DEBUG:root:9
DEBUG:root:you'll
DEBUG:root:I'm
DEBUG:root:Self-propelled
DEBUG:root:41
DEBUG:root:didn't
DEBUG:root:22nd
DEBUG:root:1
DEBUG:root:it's
DEBUG:root:70th
DEBUG:root:I'm
DEBUG:root:can't
DEBUG:root:we'll
DEBUG:root:No—wait—there
DEBUG:root:we'll
DEBUG:root:I'll
DEBUG:root:that's
DEBUG:root:Earth's
DEBUG:root:2015
DEBUG:root:2016
DEBUG:root:today's
DEBUG:root:112
DEBUG:root:25
DEBUG:root:-
DEBUG:root:header—and
DEBUG:root:IS-3
DEBUG:root:I'm
DEBUG:root:you'll
DEBUG:root:we'll
DEBUG:root:I'm
DEBUG:root:you'll
DEBUG:root:F4F
DEBUG:root:2
DEBUG:root:it's
DEBUG:root:Turn-based
DEBUG:root:week's
DEBUG:root:—
DEBUG:root:characteristics—
DEBUG:root:2015
DEBUG:root:9
DEBUG:root:we'll
DEBUG:root:It's
DEBUG:root:1913
DEBUG:root:-
DEBUG:root:don't
DEBUG:root:>>
DEBUG:root:>>
DEBUG:root:>>
DEBUG:root:>>
DEBUG:root:8
DEBUG:root:widely-produced
DEBUG:root:>>
DEBUG:root:>>
DEBUG:root:9
DEBUG:root:T-54
DEBUG:root:I'm
DEBUG:root:>>
DEBUG:root:isn't
DEBUG:root:>>
DEBUG:root:>>
DEBUG:root:>>
DEBUG:root:>>
DEBUG:root:>>
DEBUG:root:>>
DEBUG:root:>>
DEBUG:root:>>
DEBUG:root:>>
DEBUG:root:>>
DEBUG:root:>>
DEBUG:root:>>
DEBUG:root:♪
DEBUG:root:WOULDN'T
DEBUG:root:It's
DEBUG:root:we'll
DEBUG:root:I'm
DEBUG:root:I'm
DEBUG:root:5had0w
DEBUG:root:-
DEBUG:root:you'll
DEBUG:root:type—Team
DEBUG:root:I've
DEBUG:root:(Music)
DEBUG:root:You're
DEBUG:root:It's
DEBUG:root:1
DEBUG:root:I'm
DEBUG:root:I'm
DEBUG:root:I'm
DEBUG:root:I'm
DEBUG:root:I'm
DEBUG:root:(Music)
DEBUG:root:10
DEBUG:root:We're
DEBUG:root:60%
DEBUG:root:(Noise)
DEBUG:root:2013
DEBUG:root:get's
DEBUG:root:(Music)
DEBUG:root:There's
DEBUG:root:1920's
DEBUG:root:Thirty-eight
DEBUG:root:2016
DEBUG:root:2nd
DEBUG:root:today's
DEBUG:root:Large-scale
DEBUG:root:35
DEBUG:root:I'm
DEBUG:root:Apple's
DEBUG:root:mail's
DEBUG:root:That's
DEBUG:root:I'm
DEBUG:root:-
DEBUG:root:'90s
DEBUG:root:all-seeing
DEBUG:root:T29
DEBUG:root:it's
DEBUG:root:2
DEBUG:root:I'm
DEBUG:root:7
DEBUG:root:M9
DEBUG:root:Apple's
DEBUG:root:world's
DEBUG:root:7
DEBUG:root:I'm
DEBUG:root:Microsoft's
DEBUG:root:1840s
DEBUG:root:driver's
DEBUG:root:>>
DEBUG:root:enemies-Japanese
DEBUG:root:isn't
DEBUG:root:driver's
DEBUG:root:It's
DEBUG:root:11
DEBUG:root:we'll
DEBUG:root:I'm
DEBUG:root:It's
DEBUG:root:1st
DEBUG:root:1
DEBUG:root:weren't
DEBUG:root:I've
DEBUG:root:don't
DEBUG:root:I'm
DEBUG:root:didn't
DEBUG:root:I'm
DEBUG:root:we'll
DEBUG:root:G5
DEBUG:root:Peace'
DEBUG:root:I'm
DEBUG:root:1
DEBUG:root:all-new
DEBUG:root:9
DEBUG:root:King's
DEBUG:root:I'm
DEBUG:root:I'm
DEBUG:root:I'm
DEBUG:root:-
DEBUG:root:2016
DEBUG:root:I'm
DEBUG:root:platoon-mates
DEBUG:root:-
DEBUG:root:you'll
DEBUG:root:head-on
DEBUG:root:I'm
DEBUG:root:>>
DEBUG:root:>>
DEBUG:root:it's
DEBUG:root:I'm
DEBUG:root:1969
DEBUG:root:everyone-even
DEBUG:root:They're
DEBUG:root:1
DEBUG:root:1
DEBUG:root:I'm
DEBUG:root:we're
DEBUG:root:T110E5
DEBUG:root:we're
DEBUG:root:I've
DEBUG:root:They're
DEBUG:root:we'll
DEBUG:root:2
DEBUG:root:Rift's
DEBUG:root:That's
DEBUG:root:>>
DEBUG:root:re-design
DEBUG:root:I'm
DEBUG:root:-
DEBUG:root:4
DEBUG:root:there's
DEBUG:root:haven't
DEBUG:root:*cheers
DEBUG:root:we're
DEBUG:root:R8
DEBUG:root:1942
DEBUG:root:5S
DEBUG:root:I'm
DEBUG:root:we're
DEBUG:root:GT-R
DEBUG:root:What's
DEBUG:root:they're
DEBUG:root:We're
DEBUG:root:it's
DEBUG:root:2016
DEBUG:root:brand-new
DEBUG:root:You've
DEBUG:root:2012
DEBUG:root:We're
DEBUG:root:5s
DEBUG:root:2012
DEBUG:root:-
DEBUG:root:-
DEBUG:root:(whirring)
DEBUG:root:>>
DEBUG:root:that's
DEBUG:root:(upbeat
DEBUG:root:>>
DEBUG:root:(electronic
DEBUG:root:>>
DEBUG:root:2011
DEBUG:root:(gentle
DEBUG:root:-
DEBUG:root:I'm
DEBUG:root:>>
DEBUG:root:-
DEBUG:root:>>
DEBUG:root:-
DEBUG:root:>>
DEBUG:root:-
DEBUG:root:>>
DEBUG:root:-
DEBUG:root:>>
DEBUG:root:(electronic
DEBUG:root:>>
DEBUG:root:>>
DEBUG:root:>>
DEBUG:root:we're
DEBUG:root:>>
DEBUG:root:>>
DEBUG:root:don't
DEBUG:root:>>
DEBUG:root:>>
DEBUG:root:1991
DEBUG:root:>>
DEBUG:root:>>
DEBUG:root:>>
DEBUG:root:>>
DEBUG:root:it's
DEBUG:root:>>
DEBUG:root:>>
DEBUG:root:>>
DEBUG:root:Valve's
DEBUG:root:>>
DEBUG:root:>>
DEBUG:root:wasn't
DEBUG:root:>>
DEBUG:root:>>
DEBUG:root:>>
DEBUG:root:>>
DEBUG:root:>>
DEBUG:root:They'll
DEBUG:root:>>
DEBUG:root:>>
DEBUG:root:>>
DEBUG:root:>>
DEBUG:root:>>
DEBUG:root:>>
DEBUG:root:>>
DEBUG:root:>>
DEBUG:root:10
DEBUG:root:>>
DEBUG:root:I'm
DEBUG:root:>>
DEBUG:root:1945
DEBUG:root:I'm
DEBUG:root:I'm
DEBUG:root:can't
DEBUG:root:T-34-85
DEBUG:root:It's
DEBUG:root:1
DEBUG:root:9
DEBUG:root:-EXCLUSIVE
DEBUG:root:1
DEBUG:root:We've
DEBUG:root:we've
DEBUG:root:I'm
DEBUG:root:head-on
DEBUG:root:don't
DEBUG:root:>>
DEBUG:root:don't
DEBUG:root:didn't
DEBUG:root:I'm
DEBUG:root:Everyone's
DEBUG:root:it's
DEBUG:root:It's
DEBUG:root:it's
DEBUG:root:&
DEBUG:root:GeoOrbital's
DEBUG:root:you're
DEBUG:root:It's
DEBUG:root:I'm
DEBUG:root:Fitbit's
DEBUG:root:don't
DEBUG:root:2
DEBUG:root:they're
DEBUG:root:aren't
DEBUG:root:12
DEBUG:root:Fox's
DEBUG:root:It's
DEBUG:root:I'm
DEBUG:root:8
DEBUG:root:We're
DEBUG:root:let's
DEBUG:root:everyone's
DEBUG:root:2014
DEBUG:root:I've
DEBUG:root:Everyone's
DEBUG:root:they're
DEBUG:root:2016
DEBUG:root:(Camera
DEBUG:root:it's
DEBUG:root:8
DEBUG:root:sh*t
DEBUG:root:I'm
DEBUG:root:they'll
DEBUG:root:can't
DEBUG:root:1961
DEBUG:root:that's
DEBUG:root:We're
DEBUG:root:S7
DEBUG:root:S7
DEBUG:root:13
